2021-09-19 16:25:23,489 - INFO - Iterations: 1      - epoch: 1   - train_loss: 0.6211153984069824 - val_loss: 6.155830624574673
2021-09-19 16:29:11,722 - INFO - Iterations: 11     - epoch: 1   - train_loss: 5.850575399398804 - val_loss: 5.434632692865269
2021-09-19 16:32:53,258 - INFO - Iterations: 21     - epoch: 1   - train_loss: 5.117152404785156 - val_loss: 4.9650677690605916
2021-09-19 16:36:30,301 - INFO - Iterations: 31     - epoch: 1   - train_loss: 4.520907640457153 - val_loss: 4.82725125238924
2021-09-19 16:40:11,974 - INFO - Iterations: 41     - epoch: 1   - train_loss: 4.464647507667541 - val_loss: 4.793033364557934
2021-09-19 16:43:51,584 - INFO - Iterations: 51     - epoch: 1   - train_loss: 4.457219457626342 - val_loss: 4.649582292862281
2021-09-19 16:47:45,120 - INFO - Iterations: 61     - epoch: 1   - train_loss: 4.267486214637756 - val_loss: 5.261919825733779
2021-09-19 16:51:24,198 - INFO - Iterations: 71     - epoch: 1   - train_loss: 4.613044691085816 - val_loss: 4.929903913936215
2021-09-19 16:55:06,065 - INFO - Iterations: 81     - epoch: 1   - train_loss: 4.332731056213379 - val_loss: 4.625964035709461
2021-09-19 16:59:02,241 - INFO - Iterations: 91     - epoch: 1   - train_loss: 3.97020800113678 - val_loss: 4.253870122268529
2021-09-19 17:02:51,187 - INFO - Iterations: 101    - epoch: 1   - train_loss: 3.878503346443176 - val_loss: 4.1405261001901
2021-09-19 17:06:50,371 - INFO - Iterations: 111    - epoch: 1   - train_loss: 3.8320107221603394 - val_loss: 4.0108269080073535
2021-09-19 17:10:46,807 - INFO - Iterations: 121    - epoch: 1   - train_loss: 4.174428558349609 - val_loss: 3.9954146452828083
2021-09-19 17:14:39,445 - INFO - Iterations: 131    - epoch: 1   - train_loss: 3.466660475730896 - val_loss: 4.266355414411978
2021-09-19 17:18:21,887 - INFO - Iterations: 141    - epoch: 1   - train_loss: 4.081445050239563 - val_loss: 4.021392133510755
2021-09-19 17:22:05,259 - INFO - Iterations: 151    - epoch: 1   - train_loss: 3.8674761772155763 - val_loss: 3.995345618375047
2021-09-19 17:25:55,652 - INFO - Iterations: 161    - epoch: 1   - train_loss: 3.4305517196655275 - val_loss: 4.0929561860547095
2021-09-19 17:29:38,666 - INFO - Iterations: 171    - epoch: 1   - train_loss: 3.7299022674560547 - val_loss: 4.328645918005241
2021-09-19 17:33:20,866 - INFO - Iterations: 181    - epoch: 1   - train_loss: 4.082276320457458 - val_loss: 4.015123923292417
2021-09-19 17:37:03,674 - INFO - Iterations: 191    - epoch: 1   - train_loss: 3.7240206956863404 - val_loss: 3.850383529227651
2021-09-19 17:40:54,469 - INFO - Iterations: 201    - epoch: 1   - train_loss: 3.6954905509948732 - val_loss: 4.091649236882518
2021-09-19 17:44:44,264 - INFO - Iterations: 211    - epoch: 1   - train_loss: 2.9626853227615357 - val_loss: 3.7050466917142897
2021-09-19 17:48:35,762 - INFO - Iterations: 221    - epoch: 1   - train_loss: 3.5042834520339965 - val_loss: 3.508284403981563
2021-09-19 17:52:26,340 - INFO - Iterations: 231    - epoch: 1   - train_loss: 3.489199328422546 - val_loss: 4.461020221833341
2021-09-19 17:56:07,821 - INFO - Iterations: 241    - epoch: 1   - train_loss: 3.274734306335449 - val_loss: 3.5547136400274173
2021-09-19 17:59:49,814 - INFO - Iterations: 251    - epoch: 1   - train_loss: 3.318202805519104 - val_loss: 3.376072706576593
2021-09-19 18:03:36,283 - INFO - Iterations: 261    - epoch: 1   - train_loss: 3.4466893792152407 - val_loss: 3.3999383661472153
2021-09-19 18:07:18,361 - INFO - Iterations: 271    - epoch: 1   - train_loss: 2.7815181255340575 - val_loss: 3.379238868634144
2021-09-19 18:10:52,550 - INFO - Iterations: 281    - epoch: 1   - train_loss: 3.4252600193023683 - val_loss: 3.425655069866937
2021-09-19 18:14:37,207 - INFO - Iterations: 291    - epoch: 1   - train_loss: 3.52261164188385 - val_loss: 3.52684659323471
2021-09-19 18:18:15,570 - INFO - Iterations: 301    - epoch: 1   - train_loss: 2.9914386510849 - val_loss: 3.248446317043847
2021-09-19 18:22:15,047 - INFO - Iterations: 311    - epoch: 1   - train_loss: 2.4967242002487184 - val_loss: 3.4994764211559723
2021-09-19 18:25:55,603 - INFO - Iterations: 321    - epoch: 1   - train_loss: 3.3033045291900636 - val_loss: 3.809881343679157
2021-09-19 18:29:38,367 - INFO - Iterations: 331    - epoch: 1   - train_loss: 2.6917574763298036 - val_loss: 3.136188604696068
2021-09-19 18:33:29,887 - INFO - Iterations: 341    - epoch: 1   - train_loss: 3.290983200073242 - val_loss: 3.0757512178071247
2021-09-19 18:37:19,906 - INFO - Iterations: 351    - epoch: 1   - train_loss: 2.777423918247223 - val_loss: 3.3212821384568416
2021-09-19 18:40:55,082 - INFO - Iterations: 361    - epoch: 1   - train_loss: 2.559356081485748 - val_loss: 2.9802375395676335
2021-09-19 18:44:44,615 - INFO - Iterations: 371    - epoch: 1   - train_loss: 2.226918268203735 - val_loss: 3.147037165116764
2021-09-19 18:48:14,884 - INFO - Iterations: 381    - epoch: 1   - train_loss: 2.7037534952163695 - val_loss: 3.343663966517427
2021-09-19 18:51:44,038 - INFO - Iterations: 391    - epoch: 1   - train_loss: 2.4317558884620665 - val_loss: 3.042149285802584
2021-09-19 18:55:13,337 - INFO - Iterations: 401    - epoch: 1   - train_loss: 2.8747447609901426 - val_loss: 3.4977207661656564
2021-09-19 18:58:51,978 - INFO - Iterations: 411    - epoch: 1   - train_loss: 2.810510349273682 - val_loss: 3.5305493672986232
2021-09-19 19:02:22,900 - INFO - Iterations: 421    - epoch: 1   - train_loss: 4.757159566879272 - val_loss: 3.3020212120504793
2021-09-19 19:05:51,371 - INFO - Iterations: 431    - epoch: 1   - train_loss: 2.859120774269104 - val_loss: 3.074869014233529
2021-09-19 19:09:25,134 - INFO - Iterations: 441    - epoch: 1   - train_loss: 2.287591743469238 - val_loss: 3.2910958735640357
2021-09-19 19:13:01,220 - INFO - Iterations: 451    - epoch: 1   - train_loss: 2.642030358314514 - val_loss: 3.0082001587610225
2021-09-19 19:16:30,298 - INFO - Iterations: 461    - epoch: 1   - train_loss: 3.4587598562240602 - val_loss: 2.97755637809545
2021-09-19 19:20:09,925 - INFO - Iterations: 471    - epoch: 1   - train_loss: 2.3796569228172304 - val_loss: 2.988561366288783
2021-09-19 19:23:40,698 - INFO - Iterations: 481    - epoch: 1   - train_loss: 3.091382586956024 - val_loss: 3.1073571454934372
2021-09-19 19:27:12,678 - INFO - Iterations: 491    - epoch: 1   - train_loss: 2.449938154220581 - val_loss: 2.9301325008496195
2021-09-19 19:30:51,786 - INFO - Iterations: 501    - epoch: 1   - train_loss: 2.7998161554336547 - val_loss: 2.9209964782847258
2021-09-19 19:34:45,539 - INFO - Iterations: 511    - epoch: 1   - train_loss: 3.61289439201355 - val_loss: 3.9483269110188157
2021-09-19 19:38:19,993 - INFO - Iterations: 521    - epoch: 1   - train_loss: 3.634863543510437 - val_loss: 3.636026680134906
2021-09-19 19:41:55,916 - INFO - Iterations: 531    - epoch: 1   - train_loss: 2.821202802658081 - val_loss: 3.250093795704895
2021-09-19 19:45:35,193 - INFO - Iterations: 541    - epoch: 1   - train_loss: 2.1471404075622558 - val_loss: 3.31668818911571
2021-09-19 19:49:13,545 - INFO - Iterations: 551    - epoch: 1   - train_loss: 3.316678512096405 - val_loss: 3.127681705364567
2021-09-19 19:52:49,121 - INFO - Iterations: 561    - epoch: 1   - train_loss: 2.8925790071487425 - val_loss: 2.7979659677488717
2021-09-19 19:56:35,370 - INFO - Iterations: 571    - epoch: 1   - train_loss: 1.5594089150428772 - val_loss: 3.066795760687597
2021-09-19 20:00:14,256 - INFO - Iterations: 581    - epoch: 1   - train_loss: 2.277620756626129 - val_loss: 3.2500042952151
2021-09-19 20:03:51,249 - INFO - Iterations: 591    - epoch: 1   - train_loss: 2.937386965751648 - val_loss: 2.7778093801465578
2021-09-19 20:07:35,121 - INFO - Iterations: 601    - epoch: 1   - train_loss: 2.612092101573944 - val_loss: 2.7388331612270926
2021-09-19 20:11:31,349 - INFO - Iterations: 611    - epoch: 1   - train_loss: 2.0470332741737365 - val_loss: 2.7340539986055767
2021-09-19 20:15:16,428 - INFO - Iterations: 621    - epoch: 1   - train_loss: 2.3727940559387206 - val_loss: 3.867929163282949
2021-09-19 20:18:58,243 - INFO - Iterations: 631    - epoch: 1   - train_loss: 2.9466205835342407 - val_loss: 3.150923090814027
2021-09-19 20:22:27,887 - INFO - Iterations: 641    - epoch: 1   - train_loss: 2.6808576703071596 - val_loss: 3.1941679591636456
2021-09-19 20:25:49,557 - INFO - Iterations: 651    - epoch: 1   - train_loss: 2.8878281354904174 - val_loss: 3.2362385420072934
2021-09-19 20:29:19,094 - INFO - Iterations: 661    - epoch: 1   - train_loss: 3.1872262001037597 - val_loss: 3.000753924830588
2021-09-19 20:32:48,680 - INFO - Iterations: 671    - epoch: 1   - train_loss: 2.621404778957367 - val_loss: 2.950440562369224
2021-09-19 20:36:18,366 - INFO - Iterations: 681    - epoch: 1   - train_loss: 2.4590948581695558 - val_loss: 2.892109064664134
2021-09-19 20:39:47,446 - INFO - Iterations: 691    - epoch: 1   - train_loss: 2.503383719921112 - val_loss: 2.923367750591147
2021-09-19 20:43:17,156 - INFO - Iterations: 701    - epoch: 1   - train_loss: 2.199114966392517 - val_loss: 2.975977679937632
2021-09-19 20:46:54,821 - INFO - Iterations: 711    - epoch: 1   - train_loss: 3.012615996599197 - val_loss: 2.820068405907668
2021-09-19 20:50:24,158 - INFO - Iterations: 721    - epoch: 1   - train_loss: 2.8718303442001343 - val_loss: 2.822097308799892
2021-09-19 20:53:53,907 - INFO - Iterations: 731    - epoch: 1   - train_loss: 2.5170000433921813 - val_loss: 3.1783640338609853
2021-09-19 20:57:24,069 - INFO - Iterations: 741    - epoch: 1   - train_loss: 2.889011597633362 - val_loss: 2.7083192581455866
2021-09-19 21:01:02,518 - INFO - Iterations: 751    - epoch: 1   - train_loss: 2.1222554326057432 - val_loss: 2.6732825169306316
2021-09-19 21:04:44,277 - INFO - Iterations: 761    - epoch: 1   - train_loss: 2.8015631794929505 - val_loss: 2.6788652578067635
2021-09-19 21:08:14,188 - INFO - Iterations: 771    - epoch: 1   - train_loss: 2.6188746094703674 - val_loss: 2.786560066334323
2021-09-19 21:11:44,008 - INFO - Iterations: 781    - epoch: 1   - train_loss: 2.790710175037384 - val_loss: 3.0902737478786957
2021-09-19 21:15:14,122 - INFO - Iterations: 791    - epoch: 1   - train_loss: 2.665124547481537 - val_loss: 2.787468602178161
2021-09-19 21:18:43,839 - INFO - Iterations: 801    - epoch: 1   - train_loss: 3.0146711111068725 - val_loss: 2.895668500644004
2021-09-19 21:22:26,892 - INFO - Iterations: 811    - epoch: 1   - train_loss: 3.4163709402084352 - val_loss: 2.8314853544140646
2021-09-19 21:26:00,005 - INFO - Iterations: 821    - epoch: 1   - train_loss: 2.3147309184074403 - val_loss: 2.925746517032831
2021-09-19 21:29:36,232 - INFO - Iterations: 831    - epoch: 1   - train_loss: 1.960442578792572 - val_loss: 3.390562382108437
2021-09-19 21:33:09,683 - INFO - Iterations: 841    - epoch: 1   - train_loss: 2.2323410391807554 - val_loss: 3.713667409672976
2021-09-19 21:36:47,417 - INFO - Iterations: 851    - epoch: 1   - train_loss: 2.8205408334732054 - val_loss: 3.085456385450092
2021-09-19 21:40:17,386 - INFO - Iterations: 861    - epoch: 1   - train_loss: 3.601350450515747 - val_loss: 3.0667890298910843
2021-09-19 21:43:46,357 - INFO - Iterations: 871    - epoch: 1   - train_loss: 2.1776361227035523 - val_loss: 2.9199591628359465
2021-09-19 21:47:23,157 - INFO - Iterations: 881    - epoch: 1   - train_loss: 3.013622558116913 - val_loss: 3.025904723783275
2021-09-19 21:50:55,523 - INFO - Iterations: 891    - epoch: 1   - train_loss: 2.969491422176361 - val_loss: 2.8102302522716407
2021-09-19 21:54:29,011 - INFO - Iterations: 901    - epoch: 1   - train_loss: 2.138115572929382 - val_loss: 2.8507788499516105
2021-09-19 21:58:15,642 - INFO - Iterations: 911    - epoch: 1   - train_loss: 3.2128448843955995 - val_loss: 2.797368018503139
2021-09-19 22:02:29,573 - INFO - Iterations: 921    - epoch: 1   - train_loss: 1.9490548491477966 - val_loss: 2.781210866818082
2021-09-19 22:07:04,487 - INFO - Iterations: 931    - epoch: 1   - train_loss: 1.739287221431732 - val_loss: 3.0206795063115166
2021-09-19 22:11:46,144 - INFO - Iterations: 941    - epoch: 1   - train_loss: 2.0388362228870394 - val_loss: 2.7240156627198804
2021-09-19 22:16:24,300 - INFO - Iterations: 951    - epoch: 1   - train_loss: 1.6268288791179657 - val_loss: 2.8711372482573645
2021-09-19 22:19:54,181 - INFO - Iterations: 961    - epoch: 1   - train_loss: 2.5046051025390623 - val_loss: 2.700062873946157
2021-09-19 22:23:23,716 - INFO - Iterations: 971    - epoch: 1   - train_loss: 1.628290742635727 - val_loss: 2.778509619327898
2021-09-19 22:26:52,662 - INFO - Iterations: 981    - epoch: 1   - train_loss: 1.9745914816856385 - val_loss: 2.7185513799575096
2021-09-19 22:30:23,022 - INFO - Iterations: 991    - epoch: 1   - train_loss: 1.8221049845218658 - val_loss: 3.01825405540179
2021-09-19 22:33:59,683 - INFO - Iterations: 1001   - epoch: 1   - train_loss: 1.7637716233730316 - val_loss: 3.033786091641216
2021-09-19 22:37:45,729 - INFO - Iterations: 1011   - epoch: 1   - train_loss: 2.576981234550476 - val_loss: 2.8415649925877235
2021-09-19 22:41:23,576 - INFO - Iterations: 1021   - epoch: 1   - train_loss: 2.925358200073242 - val_loss: 2.656442235731436
2021-09-19 22:45:19,868 - INFO - Iterations: 1031   - epoch: 1   - train_loss: 2.119138765335083 - val_loss: 2.7760927812558807
2021-09-19 22:49:13,034 - INFO - Iterations: 1041   - epoch: 1   - train_loss: 2.866547405719757 - val_loss: 2.6626471031769485
2021-09-19 22:52:46,957 - INFO - Iterations: 1051   - epoch: 1   - train_loss: 2.226177430152893 - val_loss: 2.502645700266529
2021-09-19 22:57:40,781 - INFO - Iterations: 1061   - epoch: 1   - train_loss: 2.057057332992554 - val_loss: 2.402634970464571
2021-09-19 23:02:38,753 - INFO - Iterations: 1071   - epoch: 1   - train_loss: 1.5965661227703094 - val_loss: 2.6536625394051123
2021-09-19 23:06:18,698 - INFO - Iterations: 1081   - epoch: 1   - train_loss: 2.352976751327515 - val_loss: 2.472720363517543
2021-09-19 23:09:49,284 - INFO - Iterations: 1091   - epoch: 1   - train_loss: 2.153149402141571 - val_loss: 2.525267354017514
2021-09-19 23:13:20,065 - INFO - Iterations: 1101   - epoch: 1   - train_loss: 1.7708278357982636 - val_loss: 2.4661314737297104
2021-09-19 23:17:31,479 - INFO - Iterations: 1111   - epoch: 1   - train_loss: 2.222056746482849 - val_loss: 2.4472074915102855
2021-09-19 23:21:03,746 - INFO - Iterations: 1121   - epoch: 1   - train_loss: 1.6436003565788269 - val_loss: 2.5333982994947246
2021-09-19 23:24:33,624 - INFO - Iterations: 1131   - epoch: 1   - train_loss: 2.8905240893363953 - val_loss: 2.464597800545796
2021-09-19 23:28:11,766 - INFO - Iterations: 1141   - epoch: 1   - train_loss: 2.60866322517395 - val_loss: 2.7957248087459337
2021-09-19 23:31:51,142 - INFO - Iterations: 1151   - epoch: 1   - train_loss: 2.2177353858947755 - val_loss: 2.520506891650622
2021-09-19 23:35:26,598 - INFO - Iterations: 1161   - epoch: 1   - train_loss: 2.3789559841156005 - val_loss: 2.879975545147579
2021-09-19 23:39:07,716 - INFO - Iterations: 1171   - epoch: 1   - train_loss: 2.1414061725139617 - val_loss: 2.829503220600818
2021-09-19 23:42:33,864 - INFO - Iterations: 1181   - epoch: 1   - train_loss: 1.9732351660728455 - val_loss: 2.545680871277958
2021-09-19 23:45:59,171 - INFO - Iterations: 1191   - epoch: 1   - train_loss: 2.3105982899665833 - val_loss: 2.637804601296872
2021-09-19 23:49:24,453 - INFO - Iterations: 1201   - epoch: 1   - train_loss: 2.145015996694565 - val_loss: 2.750043462170009
2021-09-19 23:53:01,772 - INFO - Iterations: 1211   - epoch: 1   - train_loss: 1.7651643335819245 - val_loss: 2.5724794044644534
2021-09-19 23:56:37,791 - INFO - Iterations: 1221   - epoch: 1   - train_loss: 2.444642353057861 - val_loss: 2.7154849237946426
2021-09-20 00:00:15,238 - INFO - Iterations: 1231   - epoch: 1   - train_loss: 2.052050697803497 - val_loss: 2.6261385843090848
2021-09-20 00:03:48,223 - INFO - Iterations: 1241   - epoch: 1   - train_loss: 3.468712842464447 - val_loss: 2.585834035995656
2021-09-20 00:07:23,261 - INFO - Iterations: 1251   - epoch: 1   - train_loss: 2.3697991013526916 - val_loss: 2.4130301808124175
2021-09-20 00:10:55,185 - INFO - Iterations: 1261   - epoch: 1   - train_loss: 1.8706492841243745 - val_loss: 2.501851315526459
2021-09-20 00:14:27,228 - INFO - Iterations: 1271   - epoch: 1   - train_loss: 2.0041958689689636 - val_loss: 2.4595560492936546
2021-09-20 00:18:01,450 - INFO - Iterations: 1281   - epoch: 1   - train_loss: 2.137422835826874 - val_loss: 2.433105639901436
2021-09-20 00:21:36,799 - INFO - Iterations: 1291   - epoch: 1   - train_loss: 1.6375627040863037 - val_loss: 2.6734866996234405
2021-09-20 00:25:09,352 - INFO - Iterations: 1301   - epoch: 1   - train_loss: 1.6663441687822342 - val_loss: 2.6115060280673874
2021-09-20 00:28:49,389 - INFO - Iterations: 1311   - epoch: 1   - train_loss: 1.9513348877429961 - val_loss: 2.58272113850686
2021-09-20 00:32:22,980 - INFO - Iterations: 1321   - epoch: 1   - train_loss: 2.242506241798401 - val_loss: 2.488737545149055
2021-09-20 00:36:00,807 - INFO - Iterations: 1331   - epoch: 1   - train_loss: 1.6981681525707244 - val_loss: 2.561827506011207
2021-09-20 00:39:38,612 - INFO - Iterations: 1341   - epoch: 1   - train_loss: 2.1889753937721252 - val_loss: 2.4920824640569927
2021-09-20 00:43:12,630 - INFO - Iterations: 1351   - epoch: 1   - train_loss: 2.0859132409095764 - val_loss: 2.460743337546191
2021-09-20 00:46:42,642 - INFO - Iterations: 1361   - epoch: 1   - train_loss: 2.0038987159729005 - val_loss: 2.429117048939991
2021-09-20 00:50:15,860 - INFO - Iterations: 1371   - epoch: 1   - train_loss: 2.589599585533142 - val_loss: 2.5350402090029265
2021-09-20 00:53:50,229 - INFO - Iterations: 1381   - epoch: 1   - train_loss: 1.737311178445816 - val_loss: 2.3469663958516933
2021-09-20 00:57:43,801 - INFO - Iterations: 1391   - epoch: 1   - train_loss: 1.4536144971847533 - val_loss: 2.4743191547201064
2021-09-20 01:01:34,280 - INFO - Iterations: 1401   - epoch: 1   - train_loss: 2.4947072565555573 - val_loss: 2.5780199625624154
2021-09-20 01:05:42,457 - INFO - Iterations: 1411   - epoch: 1   - train_loss: 2.6752262353897094 - val_loss: 2.5337174967779013
2021-09-20 01:09:45,227 - INFO - Iterations: 1421   - epoch: 1   - train_loss: 2.613535726070404 - val_loss: 2.6852001964845167
2021-09-20 01:13:15,914 - INFO - Iterations: 1431   - epoch: 1   - train_loss: 2.434312403202057 - val_loss: 2.598726131311969
2021-09-20 01:16:46,319 - INFO - Iterations: 1441   - epoch: 1   - train_loss: 2.2970659494400025 - val_loss: 2.4171495886441474
2021-09-20 01:20:16,458 - INFO - Iterations: 1451   - epoch: 1   - train_loss: 1.7682599782943726 - val_loss: 2.482355218626068
2021-09-20 01:23:47,434 - INFO - Iterations: 1461   - epoch: 1   - train_loss: 1.6187087416648864 - val_loss: 2.5708186154527044
2021-09-20 01:27:16,873 - INFO - Iterations: 1471   - epoch: 1   - train_loss: 1.588068625330925 - val_loss: 2.496506574178884
2021-09-20 01:30:46,534 - INFO - Iterations: 1481   - epoch: 1   - train_loss: 1.3029068768024445 - val_loss: 2.723269742528746
2021-09-20 01:34:17,921 - INFO - Iterations: 1491   - epoch: 1   - train_loss: 2.062677416205406 - val_loss: 2.768659265209993
2021-09-20 01:37:57,992 - INFO - Iterations: 1501   - epoch: 1   - train_loss: 2.3367857694625855 - val_loss: 2.7233889431965923
2021-09-20 01:41:43,748 - INFO - Iterations: 1511   - epoch: 1   - train_loss: 1.6960714280605316 - val_loss: 2.7800598534013696
2021-09-20 01:45:11,816 - INFO - Iterations: 1521   - epoch: 1   - train_loss: 1.777191662788391 - val_loss: 2.8337967140198557
2021-09-20 01:48:38,183 - INFO - Iterations: 1531   - epoch: 1   - train_loss: 2.228580367565155 - val_loss: 2.5152279851612396
2021-09-20 01:52:04,393 - INFO - Iterations: 1541   - epoch: 1   - train_loss: 2.1466105818748473 - val_loss: 2.392378578932878
2021-09-20 01:55:29,030 - INFO - Iterations: 1551   - epoch: 1   - train_loss: 1.9765694200992585 - val_loss: 2.3777444862654646
2021-09-20 01:58:54,248 - INFO - Iterations: 1561   - epoch: 1   - train_loss: 1.6041226714849472 - val_loss: 2.4142814138513837
2021-09-20 02:02:19,585 - INFO - Iterations: 1571   - epoch: 1   - train_loss: 1.1941810250282288 - val_loss: 2.5090831379869027
2021-09-20 02:05:44,287 - INFO - Iterations: 1581   - epoch: 1   - train_loss: 2.0538980960845947 - val_loss: 2.432083697119605
2021-09-20 02:09:08,566 - INFO - Iterations: 1591   - epoch: 1   - train_loss: 1.7095207691192627 - val_loss: 2.396457440069246
2021-09-20 02:12:32,787 - INFO - Iterations: 1601   - epoch: 1   - train_loss: 2.2965484142303465 - val_loss: 2.465225232062404
2021-09-20 02:16:08,642 - INFO - Iterations: 1611   - epoch: 1   - train_loss: 1.3651707112789153 - val_loss: 2.7228325248757255
2021-09-20 02:19:33,904 - INFO - Iterations: 1621   - epoch: 1   - train_loss: 2.383984017372131 - val_loss: 2.505986336484819
2021-09-20 02:23:10,159 - INFO - Iterations: 1631   - epoch: 1   - train_loss: 2.1463851273059844 - val_loss: 2.295690589656908
2021-09-20 02:26:56,931 - INFO - Iterations: 1641   - epoch: 1   - train_loss: 2.3929497480392454 - val_loss: 2.4175811310014326
2021-09-20 02:30:36,262 - INFO - Iterations: 1651   - epoch: 1   - train_loss: 2.1455790758132935 - val_loss: 2.304978864535154
2021-09-20 02:34:18,612 - INFO - Iterations: 1661   - epoch: 1   - train_loss: 2.3334996461868287 - val_loss: 2.2573293080096115
2021-09-20 02:37:59,814 - INFO - Iterations: 1671   - epoch: 1   - train_loss: 2.0968240976333616 - val_loss: 2.2954378686064554
2021-09-20 02:41:27,228 - INFO - Iterations: 1681   - epoch: 1   - train_loss: 2.3184064507484434 - val_loss: 2.237732842943804
2021-09-20 02:45:10,341 - INFO - Iterations: 1691   - epoch: 1   - train_loss: 1.7342784643173217 - val_loss: 2.4740321697990693
2021-09-20 02:48:52,360 - INFO - Iterations: 1701   - epoch: 1   - train_loss: 1.2889839738607407 - val_loss: 2.5596688863246917
2021-09-20 02:52:42,875 - INFO - Iterations: 1711   - epoch: 1   - train_loss: 1.4088203579187393 - val_loss: 2.64509443166069
2021-09-20 02:56:19,810 - INFO - Iterations: 1721   - epoch: 1   - train_loss: 2.631740963459015 - val_loss: 2.325127107453739
2021-09-20 02:59:55,066 - INFO - Iterations: 1731   - epoch: 1   - train_loss: 2.2724954038858414 - val_loss: 2.2992293206573335
2021-09-20 03:03:36,371 - INFO - Iterations: 1741   - epoch: 1   - train_loss: 1.9886336952447892 - val_loss: 2.2069556723142454
2021-09-20 03:07:26,483 - INFO - Iterations: 1751   - epoch: 1   - train_loss: 1.4264394134283065 - val_loss: 2.3341933010023332
2021-09-20 03:11:10,410 - INFO - Iterations: 1761   - epoch: 1   - train_loss: 2.04992413520813 - val_loss: 2.233554176696225
2021-09-20 03:14:51,724 - INFO - Iterations: 1771   - epoch: 1   - train_loss: 2.500455045700073 - val_loss: 2.282049376394845
2021-09-20 03:18:34,632 - INFO - Iterations: 1781   - epoch: 1   - train_loss: 1.7395973324775695 - val_loss: 2.5093904456826386
2021-09-20 03:22:25,306 - INFO - Iterations: 1791   - epoch: 1   - train_loss: 1.5301080703735352 - val_loss: 2.365412210560443
2021-09-20 03:26:27,070 - INFO - Iterations: 1801   - epoch: 1   - train_loss: 1.1504099816083908 - val_loss: 2.3859762201186068
2021-09-20 03:30:37,843 - INFO - Iterations: 1811   - epoch: 1   - train_loss: 1.591512030363083 - val_loss: 2.5361948062939024
2021-09-20 03:34:34,046 - INFO - Iterations: 1821   - epoch: 1   - train_loss: 2.2926119804382323 - val_loss: 2.5222454107517076
2021-09-20 03:38:36,991 - INFO - Iterations: 1831   - epoch: 1   - train_loss: 2.370649552345276 - val_loss: 2.4508949233564787
2021-09-20 03:42:24,813 - INFO - Iterations: 1841   - epoch: 1   - train_loss: 2.1200652182102204 - val_loss: 2.2999920476852598
2021-09-20 03:46:08,413 - INFO - Iterations: 1851   - epoch: 1   - train_loss: 1.659158170223236 - val_loss: 2.1890743355863465
2021-09-20 03:50:04,207 - INFO - Iterations: 1861   - epoch: 1   - train_loss: 2.0921229481697083 - val_loss: 2.2012021041302354
2021-09-20 03:53:48,200 - INFO - Iterations: 1871   - epoch: 1   - train_loss: 1.4701686263084413 - val_loss: 2.2413850095691883
2021-09-20 03:57:38,255 - INFO - Iterations: 1881   - epoch: 1   - train_loss: 1.8005932509899139 - val_loss: 2.2842181226361298
2021-09-20 04:01:24,006 - INFO - Iterations: 1891   - epoch: 1   - train_loss: 1.1756599426269532 - val_loss: 2.2930362388759318
2021-09-20 04:05:13,554 - INFO - Iterations: 1901   - epoch: 1   - train_loss: 1.9154112815856934 - val_loss: 2.5436395021869305
2021-09-20 04:09:09,491 - INFO - Iterations: 1911   - epoch: 1   - train_loss: 1.4974242836236953 - val_loss: 2.428375505167478
2021-09-20 04:12:54,224 - INFO - Iterations: 1921   - epoch: 1   - train_loss: 1.9927608788013458 - val_loss: 2.2922335838575565
2021-09-20 04:16:42,222 - INFO - Iterations: 1931   - epoch: 1   - train_loss: 1.068745642900467 - val_loss: 2.3071928093221015
2021-09-20 04:20:28,372 - INFO - Iterations: 1941   - epoch: 1   - train_loss: 1.8388612508773803 - val_loss: 2.2322173323036134
2021-09-20 04:24:14,252 - INFO - Iterations: 1951   - epoch: 1   - train_loss: 1.9916742205619813 - val_loss: 2.199657876713726
2021-09-20 04:28:02,940 - INFO - Iterations: 1961   - epoch: 1   - train_loss: 1.2558918431401254 - val_loss: 2.2401758981868625
2021-09-20 04:31:36,545 - INFO - Iterations: 1971   - epoch: 1   - train_loss: 1.3988645300269127 - val_loss: 2.449169203343461
2021-09-20 04:35:09,269 - INFO - Iterations: 1981   - epoch: 1   - train_loss: 1.8569726705551148 - val_loss: 2.4390959586323557
2021-09-20 04:38:44,403 - INFO - Iterations: 1991   - epoch: 1   - train_loss: 1.2179788649082184 - val_loss: 2.530540555152306
2021-09-20 04:42:16,340 - INFO - Iterations: 2001   - epoch: 1   - train_loss: 1.7710213869810105 - val_loss: 2.51760069627181
2021-09-20 04:45:58,951 - INFO - Iterations: 2011   - epoch: 1   - train_loss: 2.160196828842163 - val_loss: 2.3550124948810853
2021-09-20 04:49:32,099 - INFO - Iterations: 2021   - epoch: 1   - train_loss: 2.04088978767395 - val_loss: 2.3486661330021605
2021-09-20 04:53:04,186 - INFO - Iterations: 2031   - epoch: 1   - train_loss: 1.7111852586269378 - val_loss: 2.2067427764016534
2021-09-20 04:56:34,680 - INFO - Iterations: 2041   - epoch: 1   - train_loss: 1.7197418808937073 - val_loss: 2.2752586533343364
2021-09-20 05:00:07,743 - INFO - Iterations: 2051   - epoch: 1   - train_loss: 1.5022023141384124 - val_loss: 2.370707219366185
2021-09-20 05:03:43,651 - INFO - Iterations: 2061   - epoch: 1   - train_loss: 2.009103900194168 - val_loss: 2.2912573941319647
2021-09-20 05:07:17,243 - INFO - Iterations: 2071   - epoch: 1   - train_loss: 2.499072366952896 - val_loss: 2.307620953590035
2021-09-20 05:10:48,397 - INFO - Iterations: 2081   - epoch: 1   - train_loss: 1.6272970378398894 - val_loss: 2.2932312846585305
2021-09-20 05:14:30,067 - INFO - Iterations: 2091   - epoch: 1   - train_loss: 1.9017079532146455 - val_loss: 2.2498651608311664
2021-09-20 05:18:11,462 - INFO - Iterations: 2101   - epoch: 1   - train_loss: 1.6916474997997284 - val_loss: 2.295643108567881
2021-09-20 05:22:03,070 - INFO - Iterations: 2111   - epoch: 1   - train_loss: 1.955758672952652 - val_loss: 2.2360312297973715
2021-09-20 05:25:43,169 - INFO - Iterations: 2121   - epoch: 1   - train_loss: 2.365015184879303 - val_loss: 2.1970372968827356
2021-09-20 05:29:22,804 - INFO - Iterations: 2131   - epoch: 1   - train_loss: 1.3703506976366042 - val_loss: 2.288450722002653
2021-09-20 05:33:02,549 - INFO - Iterations: 2141   - epoch: 1   - train_loss: 2.090174901485443 - val_loss: 2.270315847984197
2021-09-20 05:36:43,196 - INFO - Iterations: 2151   - epoch: 1   - train_loss: 1.7422272086143493 - val_loss: 2.357016869346628
2021-09-20 05:40:23,442 - INFO - Iterations: 2161   - epoch: 1   - train_loss: 1.7861644476652145 - val_loss: 2.356518151177216
2021-09-20 05:44:03,316 - INFO - Iterations: 2171   - epoch: 1   - train_loss: 2.0668142199516297 - val_loss: 2.316626853331879
2021-09-20 05:47:42,423 - INFO - Iterations: 2181   - epoch: 1   - train_loss: 1.9558763027191162 - val_loss: 2.3072885254476065
2021-09-20 05:51:19,677 - INFO - Iterations: 2191   - epoch: 1   - train_loss: 1.956860502064228 - val_loss: 2.4363645236481895
2021-09-20 05:54:53,831 - INFO - Iterations: 2201   - epoch: 1   - train_loss: 2.3159570693969727 - val_loss: 2.3929376467382033
2021-09-20 05:58:35,639 - INFO - Iterations: 2211   - epoch: 1   - train_loss: 1.813246524333954 - val_loss: 2.3040577294918414
2021-09-20 06:02:07,056 - INFO - Iterations: 2221   - epoch: 1   - train_loss: 1.8554985761642455 - val_loss: 2.3479129987138654
2021-09-20 06:05:40,563 - INFO - Iterations: 2231   - epoch: 1   - train_loss: 2.493467378616333 - val_loss: 2.447188351481796
2021-09-20 06:09:12,691 - INFO - Iterations: 2241   - epoch: 1   - train_loss: 2.1307701230049134 - val_loss: 2.34774262232784
2021-09-20 06:12:46,709 - INFO - Iterations: 2251   - epoch: 1   - train_loss: 1.8393979668617249 - val_loss: 2.238293417076954
2021-09-20 06:16:16,444 - INFO - Iterations: 2261   - epoch: 1   - train_loss: 1.5267740309238433 - val_loss: 2.3787071823148045
2021-09-20 06:19:56,415 - INFO - Iterations: 2271   - epoch: 1   - train_loss: 1.3848108351230621 - val_loss: 2.423161694456539
2021-09-20 06:23:30,179 - INFO - Iterations: 2281   - epoch: 1   - train_loss: 1.7564418315887451 - val_loss: 2.5379961861721325
2021-09-20 06:27:03,120 - INFO - Iterations: 2291   - epoch: 1   - train_loss: 1.8471314668655396 - val_loss: 2.485784285813347
2021-09-20 06:30:40,418 - INFO - Iterations: 2301   - epoch: 1   - train_loss: 2.2465993076562882 - val_loss: 2.499782239544222
2021-09-20 06:34:24,250 - INFO - Iterations: 2311   - epoch: 1   - train_loss: 1.7503517985343933 - val_loss: 2.31461545425707
2021-09-20 06:37:57,281 - INFO - Iterations: 2321   - epoch: 1   - train_loss: 2.3923232525587084 - val_loss: 2.2605207373226386
2021-09-20 06:41:33,195 - INFO - Iterations: 2331   - epoch: 1   - train_loss: 1.7121070131659508 - val_loss: 2.201869391758151
2021-09-20 06:45:03,603 - INFO - Iterations: 2341   - epoch: 1   - train_loss: 1.7537047266960144 - val_loss: 2.30886017197665
2021-09-20 06:48:29,098 - INFO - Iterations: 2351   - epoch: 1   - train_loss: 2.177446746826172 - val_loss: 2.3395678444826853
2021-09-20 06:51:54,149 - INFO - Iterations: 2361   - epoch: 1   - train_loss: 1.214013460278511 - val_loss: 2.2653776209489136
2021-09-20 06:55:19,996 - INFO - Iterations: 2371   - epoch: 1   - train_loss: 1.6275564968585967 - val_loss: 2.3312073616690174
2021-09-20 06:58:44,915 - INFO - Iterations: 2381   - epoch: 1   - train_loss: 2.104166167974472 - val_loss: 2.267606992631437
2021-09-20 07:02:09,954 - INFO - Iterations: 2391   - epoch: 1   - train_loss: 1.890767514705658 - val_loss: 2.1988502362252262
2021-09-20 07:05:40,859 - INFO - Iterations: 2401   - epoch: 1   - train_loss: 1.6518994480371476 - val_loss: 2.4552831387727294
2021-09-20 07:09:22,824 - INFO - Iterations: 2411   - epoch: 1   - train_loss: 2.4009339243173597 - val_loss: 3.0006324517468137
2021-09-20 07:12:55,910 - INFO - Iterations: 2421   - epoch: 1   - train_loss: 2.930874466896057 - val_loss: 2.5367749193181357
2021-09-20 07:16:34,470 - INFO - Iterations: 2431   - epoch: 1   - train_loss: 2.048894429206848 - val_loss: 2.3095483405091715
2021-09-20 07:20:10,270 - INFO - Iterations: 2441   - epoch: 1   - train_loss: 1.8028550088405608 - val_loss: 2.2315892570479186
2021-09-20 07:23:43,437 - INFO - Iterations: 2451   - epoch: 1   - train_loss: 1.213163261860609 - val_loss: 2.301779436178974
2021-09-20 07:27:16,021 - INFO - Iterations: 2461   - epoch: 1   - train_loss: 1.045648804306984 - val_loss: 2.496326623805157
2021-09-20 07:30:49,570 - INFO - Iterations: 2471   - epoch: 1   - train_loss: 1.7482333719730376 - val_loss: 2.381355646283862
2021-09-20 07:34:29,258 - INFO - Iterations: 2481   - epoch: 1   - train_loss: 1.6829224407672883 - val_loss: 2.489149848054983
2021-09-20 07:38:08,225 - INFO - Iterations: 2491   - epoch: 1   - train_loss: 1.646173745393753 - val_loss: 2.5775086202151227
2021-09-20 07:41:49,098 - INFO - Iterations: 2501   - epoch: 1   - train_loss: 1.4494988083839417 - val_loss: 2.348439986014482
2021-09-20 07:45:38,125 - INFO - Iterations: 2511   - epoch: 1   - train_loss: 1.8342312216758727 - val_loss: 2.235167547837346
2021-09-20 07:49:15,633 - INFO - Iterations: 2521   - epoch: 1   - train_loss: 1.50503870844841 - val_loss: 2.2977317253261536
2021-09-20 07:52:53,452 - INFO - Iterations: 2531   - epoch: 1   - train_loss: 1.8595778718590736 - val_loss: 2.2519425265825617
2021-09-20 07:56:28,690 - INFO - Iterations: 2541   - epoch: 1   - train_loss: 1.563634541630745 - val_loss: 2.3094588639354052
2021-09-20 08:00:02,094 - INFO - Iterations: 2551   - epoch: 1   - train_loss: 1.7700818300247192 - val_loss: 2.2358170666586896
2021-09-20 08:03:37,245 - INFO - Iterations: 2561   - epoch: 1   - train_loss: 2.0528313159942626 - val_loss: 2.470897986670722
2021-09-20 08:07:13,275 - INFO - Iterations: 2571   - epoch: 1   - train_loss: 1.8308326840400695 - val_loss: 2.272674228494128
2021-09-20 08:10:48,019 - INFO - Iterations: 2581   - epoch: 1   - train_loss: 1.8826820373535156 - val_loss: 2.3141061725976044
2021-09-20 08:14:23,663 - INFO - Iterations: 2591   - epoch: 1   - train_loss: 1.4732987895607947 - val_loss: 2.2806995362991436
2021-09-20 08:17:59,759 - INFO - Iterations: 2601   - epoch: 1   - train_loss: 2.423826429247856 - val_loss: 2.2777343068416873
2021-09-20 08:21:45,173 - INFO - Iterations: 2611   - epoch: 1   - train_loss: 1.3304711878299713 - val_loss: 2.4187707669397227
2021-09-20 08:25:24,997 - INFO - Iterations: 2621   - epoch: 1   - train_loss: 1.3622604846954345 - val_loss: 2.2672400114901676
2021-09-20 08:28:58,630 - INFO - Iterations: 2631   - epoch: 1   - train_loss: 1.8676905393600465 - val_loss: 2.3054970280618634
2021-09-20 08:32:29,084 - INFO - Iterations: 2641   - epoch: 1   - train_loss: 1.6534866988658905 - val_loss: 2.302823282811724
2021-09-20 08:35:59,416 - INFO - Iterations: 2651   - epoch: 1   - train_loss: 1.8637594640254975 - val_loss: 2.285843764805419
2021-09-20 08:39:32,434 - INFO - Iterations: 2661   - epoch: 1   - train_loss: 0.9888071238994598 - val_loss: 2.4339801018087273
2021-09-20 08:43:05,748 - INFO - Iterations: 2671   - epoch: 1   - train_loss: 1.8445229947566986 - val_loss: 2.4193875576943875
2021-09-20 08:46:38,656 - INFO - Iterations: 2681   - epoch: 1   - train_loss: 2.1325063586235045 - val_loss: 2.3091426660713856
2021-09-20 08:50:12,199 - INFO - Iterations: 2691   - epoch: 1   - train_loss: 1.9380757749080657 - val_loss: 2.217615241006374
2021-09-20 08:53:45,982 - INFO - Iterations: 2701   - epoch: 1   - train_loss: 1.7888783514499664 - val_loss: 2.196771120786399
2021-09-20 08:57:27,649 - INFO - Iterations: 2711   - epoch: 1   - train_loss: 1.4570057183504104 - val_loss: 2.235215311836518
2021-09-20 09:01:00,510 - INFO - Iterations: 2721   - epoch: 1   - train_loss: 1.1084140688180923 - val_loss: 2.4078985207942787
2021-09-20 09:04:33,875 - INFO - Iterations: 2731   - epoch: 1   - train_loss: 1.6379333019256592 - val_loss: 2.272155787840396
2021-09-20 09:08:07,479 - INFO - Iterations: 2741   - epoch: 1   - train_loss: 1.2333560585975647 - val_loss: 2.24085659093731
2021-09-20 09:11:42,489 - INFO - Iterations: 2751   - epoch: 1   - train_loss: 1.5248983561992646 - val_loss: 2.4476818810579575
2021-09-20 09:15:14,755 - INFO - Iterations: 2761   - epoch: 1   - train_loss: 1.7587846100330353 - val_loss: 2.658713737410677
2021-09-20 09:18:47,417 - INFO - Iterations: 2771   - epoch: 1   - train_loss: 1.4734001100063323 - val_loss: 2.4123834757368545
2021-09-20 09:22:24,643 - INFO - Iterations: 2781   - epoch: 1   - train_loss: 1.3780463933944702 - val_loss: 2.3733631778553037
2021-09-20 09:26:01,382 - INFO - Iterations: 2791   - epoch: 1   - train_loss: 1.3979549646377563 - val_loss: 2.397520441439248
2021-09-20 09:29:37,403 - INFO - Iterations: 2801   - epoch: 1   - train_loss: 1.9244007408618926 - val_loss: 2.296516007704738
2021-09-20 09:33:25,845 - INFO - Iterations: 2811   - epoch: 1   - train_loss: 2.340911161899567 - val_loss: 2.218017209075882
2021-09-20 09:37:03,248 - INFO - Iterations: 2821   - epoch: 1   - train_loss: 1.1603351354598999 - val_loss: 2.1395932917934872
2021-09-20 09:40:51,422 - INFO - Iterations: 2831   - epoch: 1   - train_loss: 1.3876246497035027 - val_loss: 2.1987596102795024
2021-09-20 09:44:24,360 - INFO - Iterations: 2841   - epoch: 1   - train_loss: 1.951718157529831 - val_loss: 2.2504584485954955
2021-09-20 09:48:01,316 - INFO - Iterations: 2851   - epoch: 1   - train_loss: 1.9454286515712738 - val_loss: 2.282087555461881
2021-09-20 09:51:38,007 - INFO - Iterations: 2861   - epoch: 1   - train_loss: 1.7608637273311616 - val_loss: 2.1238687062541213
2021-09-20 09:55:23,261 - INFO - Iterations: 2871   - epoch: 1   - train_loss: 2.05062757730484 - val_loss: 2.1695070389412834
2021-09-20 09:59:00,660 - INFO - Iterations: 2881   - epoch: 1   - train_loss: 1.5308255672454834 - val_loss: 2.2349004370389047
2021-09-20 10:02:38,562 - INFO - Iterations: 2891   - epoch: 1   - train_loss: 2.1695717453956602 - val_loss: 2.205110893735361
2021-09-20 10:06:12,861 - INFO - Iterations: 2901   - epoch: 1   - train_loss: 2.0971264958381655 - val_loss: 2.380433130658003
2021-09-20 10:10:03,141 - INFO - Iterations: 2911   - epoch: 1   - train_loss: 1.5413110971450805 - val_loss: 2.1984840113011574
2021-09-20 10:13:37,372 - INFO - Iterations: 2921   - epoch: 1   - train_loss: 1.638358747959137 - val_loss: 2.1455829077216233
2021-09-20 10:17:13,021 - INFO - Iterations: 2931   - epoch: 1   - train_loss: 1.2438967019319533 - val_loss: 2.375442119120079
2021-09-20 10:20:49,020 - INFO - Iterations: 2941   - epoch: 1   - train_loss: 1.6860305577516557 - val_loss: 2.159376288267845
2021-09-20 10:24:25,281 - INFO - Iterations: 2951   - epoch: 1   - train_loss: 1.9615521848201751 - val_loss: 2.136014321049352
2021-09-20 10:28:03,070 - INFO - Iterations: 2961   - epoch: 1   - train_loss: 1.1742249071598052 - val_loss: 2.173095818871108
2021-09-20 10:31:37,757 - INFO - Iterations: 2971   - epoch: 1   - train_loss: 1.2517236679792405 - val_loss: 2.1306852493602446
2021-09-20 10:35:11,413 - INFO - Iterations: 2981   - epoch: 1   - train_loss: 1.6652171313762665 - val_loss: 2.1286071909613864
2021-09-20 10:38:46,410 - INFO - Iterations: 2991   - epoch: 1   - train_loss: 1.119994980096817 - val_loss: 2.1311694749723005
2021-09-20 10:42:19,825 - INFO - Iterations: 3001   - epoch: 1   - train_loss: 2.1984704554080965 - val_loss: 2.114168633100393
2021-09-20 10:46:18,522 - INFO - Iterations: 3011   - epoch: 1   - train_loss: 1.357072901725769 - val_loss: 2.116500899206825
2021-09-20 10:49:54,693 - INFO - Iterations: 3021   - epoch: 1   - train_loss: 1.689206251502037 - val_loss: 2.0987693487950962
2021-09-20 10:53:40,931 - INFO - Iterations: 3031   - epoch: 1   - train_loss: 1.589000016450882 - val_loss: 2.1060094518843524
2021-09-20 10:57:17,221 - INFO - Iterations: 3041   - epoch: 1   - train_loss: 1.3996323823928833 - val_loss: 2.1869345255988
2021-09-20 11:00:56,288 - INFO - Iterations: 3051   - epoch: 1   - train_loss: 1.8039353787899017 - val_loss: 2.1303833813077495
2021-09-20 11:04:34,485 - INFO - Iterations: 3061   - epoch: 1   - train_loss: 1.1528348594903945 - val_loss: 2.2069570783938386
2021-09-20 11:08:08,376 - INFO - Iterations: 3071   - epoch: 1   - train_loss: 1.8011080861091613 - val_loss: 2.189665727514612
2021-09-20 11:11:41,698 - INFO - Iterations: 3081   - epoch: 1   - train_loss: 2.484806478023529 - val_loss: 2.2967917650469585
2021-09-20 11:15:14,447 - INFO - Iterations: 3091   - epoch: 1   - train_loss: 2.1181442499160767 - val_loss: 2.1618399927838743
2021-09-20 11:18:48,871 - INFO - Iterations: 3101   - epoch: 1   - train_loss: 1.1821174800395966 - val_loss: 2.170881742706333
2021-09-20 11:22:31,986 - INFO - Iterations: 3111   - epoch: 1   - train_loss: 1.9676799535751344 - val_loss: 2.1709469236812726
2021-09-20 11:26:07,072 - INFO - Iterations: 3121   - epoch: 1   - train_loss: 1.9678318798542023 - val_loss: 2.0302213548018995
2021-09-20 11:29:51,044 - INFO - Iterations: 3131   - epoch: 1   - train_loss: 1.3221207588911057 - val_loss: 2.037134730173442
2021-09-20 11:33:18,514 - INFO - Iterations: 3141   - epoch: 1   - train_loss: 1.9902901113033296 - val_loss: 2.1892237208538248
2021-09-20 11:36:50,910 - INFO - Iterations: 3151   - epoch: 1   - train_loss: 1.8331861317157745 - val_loss: 2.210865138723197
2021-09-20 11:40:21,684 - INFO - Iterations: 3161   - epoch: 1   - train_loss: 1.18181933760643 - val_loss: 2.3142332032735564
2021-09-20 11:43:48,745 - INFO - Iterations: 3171   - epoch: 1   - train_loss: 1.4812803238630294 - val_loss: 2.1565494354602373
2021-09-20 11:47:22,547 - INFO - Iterations: 3181   - epoch: 1   - train_loss: 1.502426666021347 - val_loss: 2.1302060597816004
2021-09-20 11:50:53,445 - INFO - Iterations: 3191   - epoch: 1   - train_loss: 1.157759815454483 - val_loss: 2.2354931807379703
2021-09-20 11:54:19,478 - INFO - Iterations: 3201   - epoch: 1   - train_loss: 2.1334365248680114 - val_loss: 2.1690173164500806
2021-09-20 11:58:01,006 - INFO - Iterations: 3211   - epoch: 1   - train_loss: 1.647814393043518 - val_loss: 2.217732180813383
2021-09-20 12:01:32,877 - INFO - Iterations: 3221   - epoch: 1   - train_loss: 1.1446862906217574 - val_loss: 2.2975349860812377
2021-09-20 12:05:05,678 - INFO - Iterations: 3231   - epoch: 1   - train_loss: 2.1568274974822996 - val_loss: 2.2314433551220567
2021-09-20 12:08:32,389 - INFO - Iterations: 3241   - epoch: 1   - train_loss: 1.6760328233242034 - val_loss: 2.1783476216372795
2021-09-20 12:12:02,346 - INFO - Iterations: 3251   - epoch: 1   - train_loss: 1.2885069996118546 - val_loss: 2.1244820756781957
2021-09-20 12:15:31,738 - INFO - Iterations: 3261   - epoch: 1   - train_loss: 1.9772898823022842 - val_loss: 2.079644045563872
2021-09-20 12:19:03,195 - INFO - Iterations: 3271   - epoch: 1   - train_loss: 1.758341419696808 - val_loss: 2.057400995028947
2021-09-20 12:22:47,372 - INFO - Iterations: 3281   - epoch: 1   - train_loss: 1.2215616703033447 - val_loss: 2.1126728019325767
2021-09-20 12:26:20,279 - INFO - Iterations: 3291   - epoch: 1   - train_loss: 1.9499484121799469 - val_loss: 2.161673696856656
2021-09-20 12:30:39,054 - INFO - Iterations: 3301   - epoch: 1   - train_loss: 1.6737685561180116 - val_loss: 2.4217781054725993
2021-09-20 12:34:11,339 - INFO - Iterations: 3311   - epoch: 1   - train_loss: 1.8161115258932115 - val_loss: 2.2394409892288687
2021-09-20 12:37:34,656 - INFO - Iterations: 3321   - epoch: 1   - train_loss: 1.2683362126350404 - val_loss: 2.33789301686502
2021-09-20 12:40:57,793 - INFO - Iterations: 3331   - epoch: 1   - train_loss: 1.652403363585472 - val_loss: 2.2316806088396888
2021-09-20 12:44:25,473 - INFO - Iterations: 3341   - epoch: 1   - train_loss: 1.701510339975357 - val_loss: 2.3196676639550016
2021-09-20 12:47:50,288 - INFO - Iterations: 3351   - epoch: 1   - train_loss: 1.8539726257324218 - val_loss: 2.569772472705491
2021-09-20 12:51:16,178 - INFO - Iterations: 3361   - epoch: 1   - train_loss: 1.9841200530529022 - val_loss: 2.3951528684799364
2021-09-20 12:54:43,026 - INFO - Iterations: 3371   - epoch: 1   - train_loss: 1.9077644109725953 - val_loss: 2.1496485981276026
2021-09-20 12:58:13,042 - INFO - Iterations: 3381   - epoch: 1   - train_loss: 1.534766721725464 - val_loss: 2.1672932137205394
2021-09-20 13:01:40,010 - INFO - Iterations: 3391   - epoch: 1   - train_loss: 1.111607450246811 - val_loss: 2.2295966088788552
2021-09-20 13:05:07,645 - INFO - Iterations: 3401   - epoch: 1   - train_loss: 1.805139097571373 - val_loss: 2.1847096275716664
2021-09-20 13:08:41,940 - INFO - Iterations: 3411   - epoch: 1   - train_loss: 1.203668349981308 - val_loss: 2.2133689357224338
2021-09-20 13:12:09,141 - INFO - Iterations: 3421   - epoch: 1   - train_loss: 2.306005036830902 - val_loss: 2.25641025238096
2021-09-20 13:15:34,442 - INFO - Iterations: 3431   - epoch: 1   - train_loss: 1.7361916959285737 - val_loss: 2.1844858994963996
2021-09-20 13:18:59,679 - INFO - Iterations: 3441   - epoch: 1   - train_loss: 1.381200897693634 - val_loss: 2.200276601334621
2021-09-20 13:22:25,062 - INFO - Iterations: 3451   - epoch: 1   - train_loss: 1.9993387579917907 - val_loss: 2.1738978753836746
2021-09-20 13:25:50,832 - INFO - Iterations: 3461   - epoch: 1   - train_loss: 1.6304077625274658 - val_loss: 2.2432544074484153
2021-09-20 13:29:17,761 - INFO - Iterations: 3471   - epoch: 1   - train_loss: 1.62103491127491 - val_loss: 2.2852164026360935
2021-09-20 13:32:44,390 - INFO - Iterations: 3481   - epoch: 1   - train_loss: 1.422153651714325 - val_loss: 2.3643278370661562
2021-09-20 13:36:15,784 - INFO - Iterations: 3491   - epoch: 1   - train_loss: 2.3684291929006576 - val_loss: 2.2317669988236206
2021-09-20 13:39:49,123 - INFO - Iterations: 3501   - epoch: 1   - train_loss: 1.8887826442718505 - val_loss: 2.259290141694828
2021-09-20 13:43:30,107 - INFO - Iterations: 3511   - epoch: 1   - train_loss: 1.67259224653244 - val_loss: 2.365348999360632
2021-09-20 13:47:03,747 - INFO - Iterations: 3521   - epoch: 1   - train_loss: 1.8493835091590882 - val_loss: 2.103369281493395
2021-09-20 13:50:38,631 - INFO - Iterations: 3531   - epoch: 1   - train_loss: 1.8004986315965652 - val_loss: 2.1349616535286793
2021-09-20 13:54:13,919 - INFO - Iterations: 3541   - epoch: 1   - train_loss: 1.4666463792324067 - val_loss: 2.0867224544967096
2021-09-20 13:57:48,489 - INFO - Iterations: 3551   - epoch: 1   - train_loss: 1.3215715408325195 - val_loss: 2.1464624112181947
2021-09-20 14:01:22,901 - INFO - Iterations: 3561   - epoch: 1   - train_loss: 1.6435669541358948 - val_loss: 2.1880256686091957
2021-09-20 14:04:57,814 - INFO - Iterations: 3571   - epoch: 1   - train_loss: 1.4250741302967072 - val_loss: 2.1780155478547254
2021-09-20 14:08:31,875 - INFO - Iterations: 3581   - epoch: 1   - train_loss: 1.9848738044500351 - val_loss: 2.1842578488073037
2021-09-20 14:12:05,777 - INFO - Iterations: 3591   - epoch: 1   - train_loss: 1.2697038441896438 - val_loss: 2.1222523896882457
2021-09-20 14:15:39,917 - INFO - Iterations: 3601   - epoch: 1   - train_loss: 1.6008508056402206 - val_loss: 2.2153720565023134
2021-09-20 14:19:20,240 - INFO - Iterations: 3611   - epoch: 1   - train_loss: 0.9840857446193695 - val_loss: 2.385508991699822
2021-09-20 14:22:52,559 - INFO - Iterations: 3621   - epoch: 1   - train_loss: 1.4510439723730086 - val_loss: 2.458227943506337
2021-09-20 14:26:25,924 - INFO - Iterations: 3631   - epoch: 1   - train_loss: 1.8483236134052277 - val_loss: 2.215066499734844
2021-09-20 14:29:58,854 - INFO - Iterations: 3641   - epoch: 1   - train_loss: 1.8344582200050354 - val_loss: 2.360563571606679
2021-09-20 14:33:31,990 - INFO - Iterations: 3651   - epoch: 1   - train_loss: 1.386642152070999 - val_loss: 2.447736108226668
2021-09-20 14:37:03,241 - INFO - Iterations: 3661   - epoch: 1   - train_loss: 2.0955733373761176 - val_loss: 2.241298954075057
2021-09-20 14:40:39,323 - INFO - Iterations: 3671   - epoch: 1   - train_loss: 2.7808123528957367 - val_loss: 2.3261124719168524
2021-09-20 14:44:11,994 - INFO - Iterations: 3681   - epoch: 1   - train_loss: 1.2707894280552865 - val_loss: 2.2876356148194454
2021-09-20 14:47:41,148 - INFO - Iterations: 3691   - epoch: 1   - train_loss: 1.3653631150722503 - val_loss: 2.6300718173200632
2021-09-20 14:51:10,092 - INFO - Iterations: 3701   - epoch: 1   - train_loss: 1.8641498655080795 - val_loss: 2.5258842071875214
2021-09-20 14:54:49,797 - INFO - Iterations: 3711   - epoch: 1   - train_loss: 1.521373412013054 - val_loss: 2.262135472806717
2021-09-20 14:58:19,838 - INFO - Iterations: 3721   - epoch: 1   - train_loss: 1.243703955411911 - val_loss: 2.214597859871602
2021-09-20 15:01:50,099 - INFO - Iterations: 3731   - epoch: 1   - train_loss: 1.564279067516327 - val_loss: 2.2416452296457425
2021-09-20 15:05:13,841 - INFO - Iterations: 3741   - epoch: 1   - train_loss: 1.8314361214637755 - val_loss: 2.059239556795421
2021-09-20 15:08:40,195 - INFO - Iterations: 3751   - epoch: 1   - train_loss: 2.419900894165039 - val_loss: 2.300436859989461
2021-09-20 15:12:09,085 - INFO - Iterations: 3761   - epoch: 1   - train_loss: 1.7191893398761748 - val_loss: 2.0939646998007677
2021-09-20 15:15:35,799 - INFO - Iterations: 3771   - epoch: 1   - train_loss: 1.8836629569530488 - val_loss: 2.255065844374748
2021-09-20 15:19:04,304 - INFO - Iterations: 3781   - epoch: 1   - train_loss: 1.715134370326996 - val_loss: 2.27063791534144
2021-09-20 15:22:31,396 - INFO - Iterations: 3791   - epoch: 1   - train_loss: 1.5025591611862184 - val_loss: 2.2682893628165304
2021-09-20 15:26:00,877 - INFO - Iterations: 3801   - epoch: 1   - train_loss: 2.125979721546173 - val_loss: 2.179813291950006
2021-09-20 15:29:43,396 - INFO - Iterations: 3811   - epoch: 1   - train_loss: 1.5153597474098206 - val_loss: 2.135247092800003
2021-09-20 15:33:12,945 - INFO - Iterations: 3821   - epoch: 1   - train_loss: 1.9388087570667267 - val_loss: 2.1170897614991593
2021-09-20 15:36:43,238 - INFO - Iterations: 3831   - epoch: 1   - train_loss: 1.9246967792510987 - val_loss: 2.1283889450355917
2021-09-20 15:40:13,480 - INFO - Iterations: 3841   - epoch: 1   - train_loss: 2.430837792158127 - val_loss: 2.073485356002689
2021-09-20 15:43:43,915 - INFO - Iterations: 3851   - epoch: 1   - train_loss: 1.2758964955806733 - val_loss: 2.1887083937787635
2021-09-20 15:47:14,742 - INFO - Iterations: 3861   - epoch: 1   - train_loss: 1.1805761486291886 - val_loss: 2.3644014732022685
2021-09-20 15:50:52,483 - INFO - Iterations: 3871   - epoch: 1   - train_loss: 2.601794531941414 - val_loss: 3.0657170721368785
2021-09-20 15:54:25,953 - INFO - Iterations: 3881   - epoch: 1   - train_loss: 3.557345747947693 - val_loss: 6.238392491540509
2021-09-20 15:57:57,033 - INFO - Iterations: 3891   - epoch: 1   - train_loss: 6.238321256637573 - val_loss: 6.238392930723236
2021-09-20 16:01:30,083 - INFO - Iterations: 3901   - epoch: 1   - train_loss: 6.238528060913086 - val_loss: 6.238318543769642
2021-09-20 16:05:09,982 - INFO - Iterations: 3911   - epoch: 1   - train_loss: 6.238352727890015 - val_loss: 6.238265641435178
2021-09-20 16:08:41,746 - INFO - Iterations: 3921   - epoch: 1   - train_loss: 6.2382408618927006 - val_loss: 6.238235717405102
2021-09-20 16:12:13,937 - INFO - Iterations: 3931   - epoch: 1   - train_loss: 6.238306188583374 - val_loss: 6.2382180257114825
2021-09-20 16:15:44,389 - INFO - Iterations: 3941   - epoch: 1   - train_loss: 6.238191890716553 - val_loss: 6.238203572655866
2021-09-20 16:19:14,661 - INFO - Iterations: 3951   - epoch: 1   - train_loss: 6.238330602645874 - val_loss: 6.238189462594644
2021-09-20 16:22:42,860 - INFO - Iterations: 3961   - epoch: 1   - train_loss: 6.238280153274536 - val_loss: 6.238177213304771
2021-09-20 16:26:13,594 - INFO - Iterations: 3971   - epoch: 1   - train_loss: 6.238225317001342 - val_loss: 6.238162793085246
2021-09-20 16:29:45,882 - INFO - Iterations: 3981   - epoch: 1   - train_loss: 6.238145208358764 - val_loss: 6.238140387627893
2021-09-20 16:33:16,758 - INFO - Iterations: 3991   - epoch: 1   - train_loss: 6.238144969940185 - val_loss: 6.2381072208553014
2021-09-20 16:36:50,549 - INFO - Iterations: 4001   - epoch: 1   - train_loss: 6.238179349899292 - val_loss: 6.238080810822413
2021-09-20 16:40:30,763 - INFO - Iterations: 4011   - epoch: 1   - train_loss: 6.238110685348511 - val_loss: 6.2380501927729854
2021-09-20 16:43:58,419 - INFO - Iterations: 4021   - epoch: 1   - train_loss: 6.2381720542907715 - val_loss: 6.23802284405617
2021-09-20 16:47:27,630 - INFO - Iterations: 4031   - epoch: 1   - train_loss: 6.238068008422852 - val_loss: 6.237983220708585
2021-09-20 16:50:52,685 - INFO - Iterations: 4041   - epoch: 1   - train_loss: 6.238024473190308 - val_loss: 6.237926052715964
2021-09-20 16:54:17,455 - INFO - Iterations: 4051   - epoch: 1   - train_loss: 6.2380606174469 - val_loss: 6.237876761816219
2021-09-20 16:57:42,225 - INFO - Iterations: 4061   - epoch: 1   - train_loss: 6.237989616394043 - val_loss: 6.237815557839628
2021-09-20 17:01:12,603 - INFO - Iterations: 4071   - epoch: 1   - train_loss: 6.237902450561523 - val_loss: 6.237739050638176
2021-09-20 17:04:44,035 - INFO - Iterations: 4081   - epoch: 1   - train_loss: 6.237777042388916 - val_loss: 6.23761768380325
2021-09-20 17:08:15,772 - INFO - Iterations: 4091   - epoch: 1   - train_loss: 6.237492465972901 - val_loss: 6.237440908918837
2021-09-20 17:11:47,036 - INFO - Iterations: 4101   - epoch: 1   - train_loss: 6.2371259212493895 - val_loss: 6.23714308699448
2021-09-20 17:15:24,420 - INFO - Iterations: 4111   - epoch: 1   - train_loss: 6.237672472000122 - val_loss: 6.236658179831362
2021-09-20 17:18:56,067 - INFO - Iterations: 4121   - epoch: 1   - train_loss: 6.236870431900025 - val_loss: 6.235710391741313
2021-09-20 17:22:27,592 - INFO - Iterations: 4131   - epoch: 1   - train_loss: 6.233397054672241 - val_loss: 6.230759372789703
2021-09-20 17:25:58,931 - INFO - Iterations: 4141   - epoch: 1   - train_loss: 6.212806558609008 - val_loss: 6.265327410962054
2021-09-20 17:29:30,661 - INFO - Iterations: 4151   - epoch: 1   - train_loss: 6.24722056388855 - val_loss: 6.223353091114295
2021-09-20 17:33:01,274 - INFO - Iterations: 4161   - epoch: 1   - train_loss: 6.211276197433472 - val_loss: 6.152628199604457
2021-09-20 17:36:32,387 - INFO - Iterations: 4171   - epoch: 1   - train_loss: 6.191255331039429 - val_loss: 6.224389815758802
2021-09-20 17:40:02,343 - INFO - Iterations: 4181   - epoch: 1   - train_loss: 6.252370405197143 - val_loss: 6.23208216689304
2021-09-20 17:43:39,017 - INFO - Iterations: 4191   - epoch: 1   - train_loss: 6.236981534957886 - val_loss: 6.235498183680152
2021-09-20 17:47:14,436 - INFO - Iterations: 4201   - epoch: 1   - train_loss: 6.234547281265259 - val_loss: 6.2352681424089536
2021-09-20 17:51:05,545 - INFO - Iterations: 4211   - epoch: 1   - train_loss: 6.235138034820556 - val_loss: 6.234156016639607
2021-09-20 17:54:48,610 - INFO - Iterations: 4221   - epoch: 1   - train_loss: 6.232813596725464 - val_loss: 6.232677285007374
2021-09-20 17:58:25,864 - INFO - Iterations: 4231   - epoch: 1   - train_loss: 6.2329363346099855 - val_loss: 6.229955459069349
2021-09-20 18:02:07,616 - INFO - Iterations: 4241   - epoch: 1   - train_loss: 6.232650852203369 - val_loss: 6.22477874695184
2021-09-20 18:05:38,877 - INFO - Iterations: 4251   - epoch: 1   - train_loss: 6.211271333694458 - val_loss: 6.202420964747846
2021-09-20 18:09:11,083 - INFO - Iterations: 4261   - epoch: 1   - train_loss: 6.187009572982788 - val_loss: 6.080695775811543
2021-09-20 18:12:43,993 - INFO - Iterations: 4271   - epoch: 1   - train_loss: 6.163950967788696 - val_loss: 6.238136350394723
2021-09-20 18:16:19,536 - INFO - Iterations: 4281   - epoch: 1   - train_loss: 6.23835391998291 - val_loss: 6.238327838168173
2021-09-20 18:19:49,242 - INFO - Iterations: 4291   - epoch: 1   - train_loss: 6.2383252620697025 - val_loss: 6.238324543316208
2021-09-20 18:23:26,126 - INFO - Iterations: 4301   - epoch: 1   - train_loss: 6.2383246421813965 - val_loss: 6.2383243048976285
2021-09-20 18:27:16,176 - INFO - Iterations: 4311   - epoch: 1   - train_loss: 6.23832368850708 - val_loss: 6.23832430900214
2021-09-20 18:30:48,665 - INFO - Iterations: 4321   - epoch: 1   - train_loss: 6.238324308395386 - val_loss: 6.238324278842903
2021-09-20 18:34:21,922 - INFO - Iterations: 4331   - epoch: 1   - train_loss: 6.2383246421813965 - val_loss: 6.238324267957025
2021-09-20 18:37:54,441 - INFO - Iterations: 4341   - epoch: 1   - train_loss: 6.238324117660523 - val_loss: 6.238324258855717
2021-09-20 18:41:26,527 - INFO - Iterations: 4351   - epoch: 1   - train_loss: 6.238324356079102 - val_loss: 6.238324276701419
2021-09-20 18:44:57,141 - INFO - Iterations: 4361   - epoch: 1   - train_loss: 6.238323974609375 - val_loss: 6.23832423833316
2021-09-20 18:48:28,775 - INFO - Iterations: 4371   - epoch: 1   - train_loss: 6.238324165344238 - val_loss: 6.238324286516555
2021-09-20 18:51:59,961 - INFO - Iterations: 4381   - epoch: 1   - train_loss: 6.238324356079102 - val_loss: 6.2383242759875905
2021-09-20 18:55:30,824 - INFO - Iterations: 4391   - epoch: 1   - train_loss: 6.238323736190796 - val_loss: 6.238324295082492
2021-09-20 18:59:01,561 - INFO - Iterations: 4401   - epoch: 1   - train_loss: 6.238324403762817 - val_loss: 6.238324269027767
2021-09-20 19:02:40,929 - INFO - Iterations: 4411   - epoch: 1   - train_loss: 6.238324308395386 - val_loss: 6.238324298116261
2021-09-20 19:06:14,424 - INFO - Iterations: 4421   - epoch: 1   - train_loss: 6.238324451446533 - val_loss: 6.238324246363725
2021-09-20 19:09:47,003 - INFO - Iterations: 4431   - epoch: 1   - train_loss: 6.238324165344238 - val_loss: 6.2383242535020065
2021-09-20 19:13:19,130 - INFO - Iterations: 4441   - epoch: 1   - train_loss: 6.23832426071167 - val_loss: 6.2383242547512054
2021-09-20 19:16:52,730 - INFO - Iterations: 4451   - epoch: 1   - train_loss: 6.23832426071167 - val_loss: 6.238324271883079
2021-09-20 19:20:25,861 - INFO - Iterations: 4461   - epoch: 1   - train_loss: 6.238324117660523 - val_loss: 6.2383242727753645
2021-09-20 19:23:57,296 - INFO - Iterations: 4471   - epoch: 1   - train_loss: 6.238324499130249 - val_loss: 6.238324278485989
2021-09-20 19:27:28,374 - INFO - Iterations: 4481   - epoch: 1   - train_loss: 6.238324165344238 - val_loss: 6.238324291870265
2021-09-20 19:30:59,856 - INFO - Iterations: 4491   - epoch: 1   - train_loss: 6.238324165344238 - val_loss: 6.238324264030971
2021-09-20 19:34:28,373 - INFO - Iterations: 4501   - epoch: 1   - train_loss: 6.2383240222930905 - val_loss: 6.238324259569545
2021-09-20 19:38:09,935 - INFO - Iterations: 4511   - epoch: 1   - train_loss: 6.238324356079102 - val_loss: 6.23832424368687
2021-09-20 19:41:41,610 - INFO - Iterations: 4521   - epoch: 1   - train_loss: 6.238324308395386 - val_loss: 6.238324287051926
2021-09-20 19:45:16,697 - INFO - Iterations: 4531   - epoch: 1   - train_loss: 6.238324737548828 - val_loss: 6.238324285267356
2021-09-20 19:48:51,366 - INFO - Iterations: 4541   - epoch: 1   - train_loss: 6.238324117660523 - val_loss: 6.23832427902136
2021-09-20 19:52:26,021 - INFO - Iterations: 4551   - epoch: 1   - train_loss: 6.238324499130249 - val_loss: 6.238324264030971
2021-09-20 19:56:01,715 - INFO - Iterations: 4561   - epoch: 1   - train_loss: 6.238324213027954 - val_loss: 6.238324247969839
2021-09-20 19:59:38,406 - INFO - Iterations: 4571   - epoch: 1   - train_loss: 6.238323974609375 - val_loss: 6.238324239582359
2021-09-20 20:03:12,680 - INFO - Iterations: 4581   - epoch: 1   - train_loss: 6.238324356079102 - val_loss: 6.238324255108119
2021-09-20 20:06:48,753 - INFO - Iterations: 4591   - epoch: 1   - train_loss: 6.238324499130249 - val_loss: 6.238324276166048
2021-09-20 20:10:24,297 - INFO - Iterations: 4601   - epoch: 1   - train_loss: 6.238324356079102 - val_loss: 6.238324263495599
2021-09-20 20:14:09,652 - INFO - Iterations: 4611   - epoch: 1   - train_loss: 6.238324117660523 - val_loss: 6.23832426046183
2021-09-20 20:17:45,651 - INFO - Iterations: 4621   - epoch: 1   - train_loss: 6.238323926925659 - val_loss: 6.238324261711029
2021-09-20 20:21:21,595 - INFO - Iterations: 4631   - epoch: 1   - train_loss: 6.238324451446533 - val_loss: 6.238324285981184
2021-09-20 20:24:57,200 - INFO - Iterations: 4641   - epoch: 1   - train_loss: 6.238324308395386 - val_loss: 6.238324263852514
2021-09-20 20:28:32,916 - INFO - Iterations: 4651   - epoch: 1   - train_loss: 6.238324213027954 - val_loss: 6.238324264030971
2021-09-20 20:32:04,545 - INFO - Iterations: 4661   - epoch: 1   - train_loss: 6.23832426071167 - val_loss: 6.238324263495599
2021-09-20 20:35:35,182 - INFO - Iterations: 4671   - epoch: 1   - train_loss: 6.238324499130249 - val_loss: 6.238324271704623
2021-09-20 20:39:05,839 - INFO - Iterations: 4681   - epoch: 1   - train_loss: 6.238323926925659 - val_loss: 6.238324280984387
2021-09-20 20:42:34,695 - INFO - Iterations: 4691   - epoch: 1   - train_loss: 6.238323974609375 - val_loss: 6.238324254394292
2021-09-20 20:46:06,256 - INFO - Iterations: 4701   - epoch: 1   - train_loss: 6.238324451446533 - val_loss: 6.238324264923255
2021-09-20 20:49:48,544 - INFO - Iterations: 4711   - epoch: 1   - train_loss: 6.23832426071167 - val_loss: 6.2383242695631385
2021-09-20 20:53:19,179 - INFO - Iterations: 4721   - epoch: 1   - train_loss: 6.238323831558228 - val_loss: 6.238324240831558
2021-09-20 20:56:49,973 - INFO - Iterations: 4731   - epoch: 1   - train_loss: 6.238324213027954 - val_loss: 6.238324242794585
2021-09-20 21:00:19,513 - INFO - Iterations: 4741   - epoch: 1   - train_loss: 6.2383240222930905 - val_loss: 6.238324231551792
2021-09-20 21:03:50,573 - INFO - Iterations: 4751   - epoch: 1   - train_loss: 6.238324213027954 - val_loss: 6.238324250111323
2021-09-20 21:07:21,019 - INFO - Iterations: 4761   - epoch: 1   - train_loss: 6.238324117660523 - val_loss: 6.238324261354115
2021-09-20 21:10:53,631 - INFO - Iterations: 4771   - epoch: 1   - train_loss: 6.238324165344238 - val_loss: 6.238324241366929
2021-09-20 21:14:25,957 - INFO - Iterations: 4781   - epoch: 1   - train_loss: 6.238324213027954 - val_loss: 6.238324225841168
2021-09-20 21:17:57,909 - INFO - Iterations: 4791   - epoch: 1   - train_loss: 6.238323926925659 - val_loss: 6.238324246899096
2021-09-20 21:21:29,810 - INFO - Iterations: 4801   - epoch: 1   - train_loss: 6.238323926925659 - val_loss: 6.238324233157906
2021-09-20 21:25:10,136 - INFO - Iterations: 4811   - epoch: 1   - train_loss: 6.238324117660523 - val_loss: 6.238324244757612
2021-09-20 21:28:40,698 - INFO - Iterations: 4821   - epoch: 1   - train_loss: 6.238323640823364 - val_loss: 6.238324237976245
2021-09-20 21:32:10,703 - INFO - Iterations: 4831   - epoch: 1   - train_loss: 6.238324403762817 - val_loss: 6.238324228161109
2021-09-20 21:35:41,416 - INFO - Iterations: 4841   - epoch: 1   - train_loss: 6.238324165344238 - val_loss: 6.238324239582359
2021-09-20 21:39:13,450 - INFO - Iterations: 4851   - epoch: 1   - train_loss: 6.238324117660523 - val_loss: 6.238324247256011
2021-09-20 21:42:43,689 - INFO - Iterations: 4861   - epoch: 1   - train_loss: 6.238323831558228 - val_loss: 6.238324240474644
2021-09-20 21:46:15,732 - INFO - Iterations: 4871   - epoch: 1   - train_loss: 6.238324117660523 - val_loss: 6.238324256535775
2021-09-20 21:49:47,621 - INFO - Iterations: 4881   - epoch: 1   - train_loss: 6.238324356079102 - val_loss: 6.238324240474644
2021-09-20 21:53:18,733 - INFO - Iterations: 4891   - epoch: 1   - train_loss: 6.238324356079102 - val_loss: 6.2383242245919694
2021-09-20 21:56:51,171 - INFO - Iterations: 4901   - epoch: 1   - train_loss: 6.238323783874511 - val_loss: 6.238324220309001
2021-09-20 22:00:31,242 - INFO - Iterations: 4911   - epoch: 1   - train_loss: 6.238324499130249 - val_loss: 6.238324209780036
2021-09-20 22:04:00,891 - INFO - Iterations: 4921   - epoch: 1   - train_loss: 6.23832426071167 - val_loss: 6.238324217453688
2021-09-20 22:07:30,671 - INFO - Iterations: 4931   - epoch: 1   - train_loss: 6.238324117660523 - val_loss: 6.238324211564606
2021-09-20 22:11:02,417 - INFO - Iterations: 4941   - epoch: 1   - train_loss: 6.238324213027954 - val_loss: 6.238324199251072
2021-09-20 22:14:35,152 - INFO - Iterations: 4951   - epoch: 1   - train_loss: 6.238324165344238 - val_loss: 6.23832418800828
2021-09-20 22:18:10,317 - INFO - Iterations: 4961   - epoch: 1   - train_loss: 6.2383240222930905 - val_loss: 6.238324212456892
2021-09-20 22:21:46,464 - INFO - Iterations: 4971   - epoch: 1   - train_loss: 6.238324499130249 - val_loss: 6.238324225662711
2021-09-20 22:25:20,687 - INFO - Iterations: 4981   - epoch: 1   - train_loss: 6.238324403762817 - val_loss: 6.238324223164313
2021-09-20 22:28:57,321 - INFO - Iterations: 4991   - epoch: 1   - train_loss: 6.238324165344238 - val_loss: 6.238324206210896
2021-09-20 22:32:32,115 - INFO - Iterations: 5001   - epoch: 1   - train_loss: 6.238323831558228 - val_loss: 6.23832423529939
2021-09-20 22:36:21,248 - INFO - Iterations: 5011   - epoch: 1   - train_loss: 6.2383240222930905 - val_loss: 6.2383242278041955
2021-09-20 22:39:58,153 - INFO - Iterations: 5021   - epoch: 1   - train_loss: 6.238324069976807 - val_loss: 6.238324223521227
2021-09-20 22:43:33,055 - INFO - Iterations: 5031   - epoch: 1   - train_loss: 6.238323974609375 - val_loss: 6.238324227625738
2021-09-20 22:47:09,275 - INFO - Iterations: 5041   - epoch: 1   - train_loss: 6.238323831558228 - val_loss: 6.238324200143357
2021-09-20 22:50:43,543 - INFO - Iterations: 5051   - epoch: 1   - train_loss: 6.238324403762817 - val_loss: 6.238324170519492
2021-09-20 22:54:20,209 - INFO - Iterations: 5061   - epoch: 1   - train_loss: 6.23832426071167 - val_loss: 6.23832417480246
2021-09-20 22:57:57,513 - INFO - Iterations: 5071   - epoch: 1   - train_loss: 6.238324117660523 - val_loss: 6.23832421317072
2021-09-20 23:01:32,869 - INFO - Iterations: 5081   - epoch: 1   - train_loss: 6.238324403762817 - val_loss: 6.238324188543651
2021-09-20 23:05:08,266 - INFO - Iterations: 5091   - epoch: 1   - train_loss: 6.238323974609375 - val_loss: 6.238324223878141
2021-09-20 23:08:44,151 - INFO - Iterations: 5101   - epoch: 1   - train_loss: 6.2383246421813965 - val_loss: 6.238324215490661
2021-09-20 23:12:27,423 - INFO - Iterations: 5111   - epoch: 1   - train_loss: 6.238324403762817 - val_loss: 6.23832422994568
2021-09-20 23:16:03,868 - INFO - Iterations: 5121   - epoch: 1   - train_loss: 6.238324117660523 - val_loss: 6.238324206746267
2021-09-20 23:19:39,307 - INFO - Iterations: 5131   - epoch: 1   - train_loss: 6.23832426071167 - val_loss: 6.238324212278434
2021-09-20 23:23:15,226 - INFO - Iterations: 5141   - epoch: 1   - train_loss: 6.2383238792419435 - val_loss: 6.23832420174947
2021-09-20 23:26:51,686 - INFO - Iterations: 5151   - epoch: 1   - train_loss: 6.238324403762817 - val_loss: 6.238324203712498
2021-09-20 23:30:26,923 - INFO - Iterations: 5161   - epoch: 1   - train_loss: 6.2383240222930905 - val_loss: 6.238324173553261
2021-09-20 23:34:03,249 - INFO - Iterations: 5171   - epoch: 1   - train_loss: 6.23832426071167 - val_loss: 6.238324183903768
2021-09-20 23:37:39,599 - INFO - Iterations: 5181   - epoch: 1   - train_loss: 6.2383238792419435 - val_loss: 6.238324182476112
2021-09-20 23:41:14,190 - INFO - Iterations: 5191   - epoch: 1   - train_loss: 6.2383240222930905 - val_loss: 6.2383241680210935
2021-09-20 23:44:49,816 - INFO - Iterations: 5201   - epoch: 1   - train_loss: 6.238324308395386 - val_loss: 6.238324199251072
2021-09-20 23:48:34,626 - INFO - Iterations: 5211   - epoch: 1   - train_loss: 6.238324117660523 - val_loss: 6.238324210672322
