2021-09-20 15:23:35,337 - INFO - Loading training configuration ...
2021-09-20 15:23:35,337 - INFO - Configuration: {'optimizer': <class 'torch.optim.adam.Adam'>, 'lr': 0.0001, 'epochs': 2, 'batch_size': 2, 'momentum': 0.9, 'eval_freq': 10, 'save_freq': 500, 'num_workers': 4}
2021-09-20 15:23:35,345 - INFO - Loading training dataset from /mlcv/Databases/DocVQA_2020-21/task_3/extracted_features/layoutlmv2/train ...
2021-09-20 15:23:35,445 - INFO - Loading validation dataset from /mlcv/Databases/DocVQA_2020-21/task_3/extracted_features/layoutlmv2/val ...
2021-09-20 15:23:44,520 - INFO - Training size: 23936 - Validation size: 2800
2021-09-20 15:23:44,520 - INFO - Loading pre-training model from microsoft/layoutlmv2-base-uncased checkpoint
2021-09-20 15:23:59,491 - INFO - GPUs usages for model: 0 Mb
2021-09-20 15:23:59,496 - INFO - Epoch 1/2
2021-09-20 15:26:02,105 - INFO - Iterations: 1      - epoch: 1   - train_loss: 0.6231863975524903 - val_loss: 6.04620288848877
2021-09-20 15:26:02,106 - INFO - Found best model !! Validation loss descreased from inf to 6.04620288848877
2021-09-20 15:26:17,194 - INFO - Saving model to ./runs/train/layoutlmv2-base-uncased_2e_infoVQA/00001.pth
2021-09-20 15:28:16,734 - INFO - Iterations: 11     - epoch: 1   - train_loss: 5.579010438919068 - val_loss: 5.183509308270046
2021-09-20 15:28:16,760 - INFO - Found best model !! Validation loss descreased from 6.04620288848877 to 5.183509308270046
2021-09-20 15:30:14,970 - INFO - Iterations: 21     - epoch: 1   - train_loss: 4.74352376461029 - val_loss: 4.821861463785171
2021-09-20 15:30:15,022 - INFO - Found best model !! Validation loss descreased from 5.183509308270046 to 4.821861463785171
2021-09-20 15:32:17,444 - INFO - Iterations: 31     - epoch: 1   - train_loss: 4.653050017356873 - val_loss: 4.712758851051331
2021-09-20 15:32:17,445 - INFO - Found best model !! Validation loss descreased from 4.821861463785171 to 4.712758851051331
2021-09-20 15:34:18,495 - INFO - Iterations: 41     - epoch: 1   - train_loss: 4.753075003623962 - val_loss: 4.617460674388068
2021-09-20 15:34:18,497 - INFO - Found best model !! Validation loss descreased from 4.712758851051331 to 4.617460674388068
2021-09-20 15:36:23,457 - INFO - Iterations: 51     - epoch: 1   - train_loss: 4.533686876296997 - val_loss: 4.510217075858797
2021-09-20 15:36:23,501 - INFO - Found best model !! Validation loss descreased from 4.617460674388068 to 4.510217075858797
2021-09-20 15:38:21,698 - INFO - Iterations: 61     - epoch: 1   - train_loss: 4.092555093765259 - val_loss: 4.667019112791334
2021-09-20 15:40:12,634 - INFO - Iterations: 71     - epoch: 1   - train_loss: 4.40630156993866 - val_loss: 4.695614738294056
2021-09-20 15:42:04,376 - INFO - Iterations: 81     - epoch: 1   - train_loss: 4.715511441230774 - val_loss: 4.514937204463141
2021-09-20 15:43:54,530 - INFO - Iterations: 91     - epoch: 1   - train_loss: 4.399626660346985 - val_loss: 4.669451865639005
2021-09-20 15:45:45,964 - INFO - Iterations: 101    - epoch: 1   - train_loss: 4.428701281547546 - val_loss: 4.604594345263072
2021-09-20 15:47:37,221 - INFO - Iterations: 111    - epoch: 1   - train_loss: 4.550643515586853 - val_loss: 4.5629397419520785
2021-09-20 15:49:35,342 - INFO - Iterations: 121    - epoch: 1   - train_loss: 4.902835822105407 - val_loss: 4.52947053364345
2021-09-20 15:51:26,122 - INFO - Iterations: 131    - epoch: 1   - train_loss: 4.083912920951843 - val_loss: 4.514339809928622
2021-09-20 15:53:18,079 - INFO - Iterations: 141    - epoch: 1   - train_loss: 4.866327142715454 - val_loss: 4.496578307492393
2021-09-20 15:53:18,080 - INFO - Found best model !! Validation loss descreased from 4.510217075858797 to 4.496578307492393
2021-09-20 15:55:17,408 - INFO - Iterations: 151    - epoch: 1   - train_loss: 6.214346575736999 - val_loss: 6.791445219176156
2021-09-20 15:57:08,538 - INFO - Iterations: 161    - epoch: 1   - train_loss: 6.270987319946289 - val_loss: 6.141166095393045
2021-09-20 15:58:59,606 - INFO - Iterations: 171    - epoch: 1   - train_loss: 5.907310676574707 - val_loss: 6.004645786625998
2021-09-20 16:00:50,937 - INFO - Iterations: 181    - epoch: 1   - train_loss: 6.190296792984009 - val_loss: 6.1566376801899505
2021-09-20 16:02:43,475 - INFO - Iterations: 191    - epoch: 1   - train_loss: 6.072357511520385 - val_loss: 5.8100744833265034
2021-09-20 16:04:35,303 - INFO - Iterations: 201    - epoch: 1   - train_loss: 5.623517751693726 - val_loss: 6.168919310910361
2021-09-20 16:06:26,430 - INFO - Iterations: 211    - epoch: 1   - train_loss: 6.147743511199951 - val_loss: 5.885201362201146
2021-09-20 16:08:17,552 - INFO - Iterations: 221    - epoch: 1   - train_loss: 5.942426347732544 - val_loss: 5.753254193919045
2021-09-20 16:10:08,038 - INFO - Iterations: 231    - epoch: 1   - train_loss: 5.91041522026062 - val_loss: 6.124570324080331
2021-09-20 16:11:58,806 - INFO - Iterations: 241    - epoch: 1   - train_loss: 6.238810110092163 - val_loss: 6.044750118936811
2021-09-20 16:13:50,688 - INFO - Iterations: 251    - epoch: 1   - train_loss: 5.949954414367676 - val_loss: 5.742143208299364
2021-09-20 16:15:41,130 - INFO - Iterations: 261    - epoch: 1   - train_loss: 5.572134065628052 - val_loss: 5.140769791603089
2021-09-20 16:17:32,074 - INFO - Iterations: 271    - epoch: 1   - train_loss: 5.5039454936981205 - val_loss: 4.975364217928478
2021-09-20 16:19:23,301 - INFO - Iterations: 281    - epoch: 1   - train_loss: 4.981539249420166 - val_loss: 5.175032756498882
2021-09-20 16:21:13,458 - INFO - Iterations: 291    - epoch: 1   - train_loss: 4.71192421913147 - val_loss: 4.621310214485441
2021-09-20 16:23:03,804 - INFO - Iterations: 301    - epoch: 1   - train_loss: 5.677717638015747 - val_loss: 5.077138821397509
2021-09-20 16:24:54,894 - INFO - Iterations: 311    - epoch: 1   - train_loss: 4.5276706457138065 - val_loss: 4.657132009949003
2021-09-20 16:26:46,265 - INFO - Iterations: 321    - epoch: 1   - train_loss: 4.801134300231934 - val_loss: 5.6501426884106225
2021-09-20 16:28:37,854 - INFO - Iterations: 331    - epoch: 1   - train_loss: 5.852887606620788 - val_loss: 5.771203242029462
2021-09-20 16:30:28,530 - INFO - Iterations: 341    - epoch: 1   - train_loss: 6.066152429580688 - val_loss: 6.184604250703539
2021-09-20 16:32:19,222 - INFO - Iterations: 351    - epoch: 1   - train_loss: 6.19048318862915 - val_loss: 6.148443609986987
2021-09-20 16:34:10,244 - INFO - Iterations: 361    - epoch: 1   - train_loss: 6.095544624328613 - val_loss: 6.061032417161124
2021-09-20 16:36:03,880 - INFO - Iterations: 371    - epoch: 1   - train_loss: 5.959598064422607 - val_loss: 5.812127220971243
2021-09-20 16:37:58,065 - INFO - Iterations: 381    - epoch: 1   - train_loss: 5.173894691467285 - val_loss: 5.000083793912615
2021-09-20 16:39:51,907 - INFO - Iterations: 391    - epoch: 1   - train_loss: 5.489116477966308 - val_loss: 4.988126396621976
2021-09-20 16:41:43,169 - INFO - Iterations: 401    - epoch: 1   - train_loss: 5.595827341079712 - val_loss: 5.343143675667899
2021-09-20 16:43:33,753 - INFO - Iterations: 411    - epoch: 1   - train_loss: 5.036814880371094 - val_loss: 4.309083208867482
2021-09-20 16:43:33,804 - INFO - Found best model !! Validation loss descreased from 4.496578307492393 to 4.309083208867482
2021-09-20 16:45:32,464 - INFO - Iterations: 421    - epoch: 1   - train_loss: 4.3925621747970585 - val_loss: 4.179587660346712
2021-09-20 16:45:32,465 - INFO - Found best model !! Validation loss descreased from 4.309083208867482 to 4.179587660346712
2021-09-20 16:47:33,643 - INFO - Iterations: 431    - epoch: 1   - train_loss: 5.219481086730957 - val_loss: 4.321627230644226
2021-09-20 16:49:25,653 - INFO - Iterations: 441    - epoch: 1   - train_loss: 4.0754259586334225 - val_loss: 4.456521350826536
2021-09-20 16:51:15,970 - INFO - Iterations: 451    - epoch: 1   - train_loss: 5.040343618392944 - val_loss: 4.2066244690758845
2021-09-20 16:53:07,214 - INFO - Iterations: 461    - epoch: 1   - train_loss: 4.523624587059021 - val_loss: 3.98972503389631
2021-09-20 16:53:07,268 - INFO - Found best model !! Validation loss descreased from 4.179587660346712 to 3.98972503389631
2021-09-20 16:55:08,077 - INFO - Iterations: 471    - epoch: 1   - train_loss: 4.397150897979737 - val_loss: 3.977720616544996
2021-09-20 16:55:08,121 - INFO - Found best model !! Validation loss descreased from 3.98972503389631 to 3.977720616544996
2021-09-20 16:57:05,903 - INFO - Iterations: 481    - epoch: 1   - train_loss: 4.368131566047668 - val_loss: 3.8727780009167536
2021-09-20 16:57:05,904 - INFO - Found best model !! Validation loss descreased from 3.977720616544996 to 3.8727780009167536
2021-09-20 16:59:02,919 - INFO - Iterations: 491    - epoch: 1   - train_loss: 4.170976316928863 - val_loss: 3.888075479779925
2021-09-20 17:00:54,005 - INFO - Iterations: 501    - epoch: 1   - train_loss: 2.9986809730529784 - val_loss: 3.848231448658875
2021-09-20 17:00:54,006 - INFO - Found best model !! Validation loss descreased from 3.8727780009167536 to 3.848231448658875
2021-09-20 17:01:02,187 - INFO - Saving model to ./runs/train/layoutlmv2-base-uncased_2e_infoVQA/00501.pth
2021-09-20 17:03:00,793 - INFO - Iterations: 511    - epoch: 1   - train_loss: 3.842537945508957 - val_loss: 3.8659513850722993
2021-09-20 17:04:51,624 - INFO - Iterations: 521    - epoch: 1   - train_loss: 4.150470286607742 - val_loss: 3.78131688782147
2021-09-20 17:04:51,625 - INFO - Found best model !! Validation loss descreased from 3.848231448658875 to 3.78131688782147
2021-09-20 17:06:51,032 - INFO - Iterations: 531    - epoch: 1   - train_loss: 3.8582279086112976 - val_loss: 4.186812286036355
2021-09-20 17:08:42,204 - INFO - Iterations: 541    - epoch: 1   - train_loss: 3.2218158841133118 - val_loss: 3.8010988169482776
2021-09-20 17:10:32,921 - INFO - Iterations: 551    - epoch: 1   - train_loss: 3.8337784349918365 - val_loss: 3.865555776953697
2021-09-20 17:12:23,902 - INFO - Iterations: 561    - epoch: 1   - train_loss: 4.498654389381409 - val_loss: 4.365218411598887
2021-09-20 17:14:13,772 - INFO - Iterations: 571    - epoch: 1   - train_loss: 4.037520635128021 - val_loss: 3.8515649038978985
2021-09-20 17:16:07,066 - INFO - Iterations: 581    - epoch: 1   - train_loss: 3.8356362700462343 - val_loss: 3.8733724620512553
2021-09-20 17:17:57,859 - INFO - Iterations: 591    - epoch: 1   - train_loss: 3.7071974217891692 - val_loss: 6.237050900459289
2021-09-20 17:19:48,808 - INFO - Iterations: 601    - epoch: 1   - train_loss: 6.236195516586304 - val_loss: 6.238320635386875
2021-09-20 17:21:39,946 - INFO - Iterations: 611    - epoch: 1   - train_loss: 6.23832221031189 - val_loss: 6.238320221219744
2021-09-20 17:23:31,401 - INFO - Iterations: 621    - epoch: 1   - train_loss: 6.238319396972656 - val_loss: 6.238320522989546
2021-09-20 17:25:22,283 - INFO - Iterations: 631    - epoch: 1   - train_loss: 6.238318395614624 - val_loss: 6.23832051549639
2021-09-20 17:27:13,213 - INFO - Iterations: 641    - epoch: 1   - train_loss: 6.2383214950561525 - val_loss: 6.238320444992611
2021-09-20 17:29:04,676 - INFO - Iterations: 651    - epoch: 1   - train_loss: 6.238321208953858 - val_loss: 6.238320489951542
2021-09-20 17:30:55,290 - INFO - Iterations: 661    - epoch: 1   - train_loss: 6.238319969177246 - val_loss: 6.238320500850677
2021-09-20 17:32:46,952 - INFO - Iterations: 671    - epoch: 1   - train_loss: 6.238320398330688 - val_loss: 6.2383203125
2021-09-20 17:34:38,251 - INFO - Iterations: 681    - epoch: 1   - train_loss: 6.23832139968872 - val_loss: 6.238320235865457
2021-09-20 17:36:29,996 - INFO - Iterations: 691    - epoch: 1   - train_loss: 6.238321447372437 - val_loss: 6.2383201459475925
2021-09-20 17:38:20,991 - INFO - Iterations: 701    - epoch: 1   - train_loss: 6.2383201122283936 - val_loss: 6.238320046492985
2021-09-20 17:40:11,824 - INFO - Iterations: 711    - epoch: 1   - train_loss: 6.238319253921508 - val_loss: 6.238319982119969
2021-09-20 17:42:06,262 - INFO - Iterations: 721    - epoch: 1   - train_loss: 6.238318347930909 - val_loss: 6.2383199545315335
2021-09-20 17:43:59,049 - INFO - Iterations: 731    - epoch: 1   - train_loss: 6.238318872451782 - val_loss: 6.238319814886365
2021-09-20 17:45:52,933 - INFO - Iterations: 741    - epoch: 1   - train_loss: 6.238319253921508 - val_loss: 6.238319692271096
2021-09-20 17:47:47,367 - INFO - Iterations: 751    - epoch: 1   - train_loss: 6.238318347930909 - val_loss: 6.2383195962224685
2021-09-20 17:49:43,496 - INFO - Iterations: 761    - epoch: 1   - train_loss: 6.23831877708435 - val_loss: 6.238319442272187
2021-09-20 17:51:41,190 - INFO - Iterations: 771    - epoch: 1   - train_loss: 6.238319444656372 - val_loss: 6.2383193305560525
2021-09-20 17:53:37,495 - INFO - Iterations: 781    - epoch: 1   - train_loss: 6.2383191108703615 - val_loss: 6.238319182055337
2021-09-20 17:55:33,249 - INFO - Iterations: 791    - epoch: 1   - train_loss: 6.23831582069397 - val_loss: 6.238318978718349
2021-09-20 17:57:29,599 - INFO - Iterations: 801    - epoch: 1   - train_loss: 6.238319396972656 - val_loss: 6.238318798882621
2021-09-20 17:59:28,092 - INFO - Iterations: 811    - epoch: 1   - train_loss: 6.238320302963257 - val_loss: 6.238318615640913
2021-09-20 18:01:27,382 - INFO - Iterations: 821    - epoch: 1   - train_loss: 6.238314533233643 - val_loss: 6.2383183642796105
2021-09-20 18:03:20,873 - INFO - Iterations: 831    - epoch: 1   - train_loss: 6.238318920135498 - val_loss: 6.238318200451987
2021-09-20 18:05:11,680 - INFO - Iterations: 841    - epoch: 1   - train_loss: 6.238317632675171 - val_loss: 6.238318093504224
2021-09-20 18:07:02,691 - INFO - Iterations: 851    - epoch: 1   - train_loss: 6.238317680358887 - val_loss: 6.238317920480456
2021-09-20 18:08:53,769 - INFO - Iterations: 861    - epoch: 1   - train_loss: 6.238316869735717 - val_loss: 6.238317724977221
2021-09-20 18:10:44,091 - INFO - Iterations: 871    - epoch: 1   - train_loss: 6.238316297531128 - val_loss: 6.238317587716239
2021-09-20 18:12:35,953 - INFO - Iterations: 881    - epoch: 1   - train_loss: 6.238320922851562 - val_loss: 6.238317437171936
2021-09-20 18:14:28,717 - INFO - Iterations: 891    - epoch: 1   - train_loss: 6.23831729888916 - val_loss: 6.238317282199859
2021-09-20 18:16:19,971 - INFO - Iterations: 901    - epoch: 1   - train_loss: 6.238319444656372 - val_loss: 6.238317084653037
2021-09-20 18:18:10,397 - INFO - Iterations: 911    - epoch: 1   - train_loss: 6.238321256637573 - val_loss: 6.238316952501025
2021-09-20 18:20:00,429 - INFO - Iterations: 921    - epoch: 1   - train_loss: 6.238315296173096 - val_loss: 6.238316768918718
2021-09-20 18:21:53,865 - INFO - Iterations: 931    - epoch: 1   - train_loss: 6.2383141040802 - val_loss: 6.238316532884325
2021-09-20 18:23:46,791 - INFO - Iterations: 941    - epoch: 1   - train_loss: 6.238313150405884 - val_loss: 6.238316172531673
2021-09-20 18:25:40,128 - INFO - Iterations: 951    - epoch: 1   - train_loss: 6.238318252563476 - val_loss: 6.238315919126783
2021-09-20 18:27:33,170 - INFO - Iterations: 961    - epoch: 1   - train_loss: 6.238314390182495 - val_loss: 6.238315603051867
2021-09-20 18:29:25,236 - INFO - Iterations: 971    - epoch: 1   - train_loss: 6.238316679000855 - val_loss: 6.238315301282065
2021-09-20 18:31:17,316 - INFO - Iterations: 981    - epoch: 1   - train_loss: 6.238312435150147 - val_loss: 6.238314912319184
2021-09-20 18:33:08,941 - INFO - Iterations: 991    - epoch: 1   - train_loss: 6.238315105438232 - val_loss: 6.2383145499229435
2021-09-20 18:35:00,245 - INFO - Iterations: 1001   - epoch: 1   - train_loss: 6.238314056396485 - val_loss: 6.238314253262111
2021-09-20 18:35:00,246 - INFO - Saving model to ./runs/train/layoutlmv2-base-uncased_2e_infoVQA/01001.pth
2021-09-20 18:37:01,037 - INFO - Iterations: 1011   - epoch: 1   - train_loss: 6.238319158554077 - val_loss: 6.238313937187195
2021-09-20 18:38:52,124 - INFO - Iterations: 1021   - epoch: 1   - train_loss: 6.238315868377685 - val_loss: 6.238313631670816
2021-09-20 18:40:42,507 - INFO - Iterations: 1031   - epoch: 1   - train_loss: 6.238313865661621 - val_loss: 6.238313314914703
2021-09-20 18:42:33,764 - INFO - Iterations: 1041   - epoch: 1   - train_loss: 6.238317251205444 - val_loss: 6.2383129259518215
2021-09-20 18:44:24,627 - INFO - Iterations: 1051   - epoch: 1   - train_loss: 6.2383184909820555 - val_loss: 6.238312627588
2021-09-20 18:46:16,039 - INFO - Iterations: 1061   - epoch: 1   - train_loss: 6.2383098125457765 - val_loss: 6.238312245437077
2021-09-20 18:48:07,408 - INFO - Iterations: 1071   - epoch: 1   - train_loss: 6.23831524848938 - val_loss: 6.238311786311013
2021-09-20 18:49:58,984 - INFO - Iterations: 1081   - epoch: 1   - train_loss: 6.238311815261841 - val_loss: 6.238311167444501
2021-09-20 18:51:51,642 - INFO - Iterations: 1091   - epoch: 1   - train_loss: 6.2383131980896 - val_loss: 6.238310591493334
2021-09-20 18:53:42,643 - INFO - Iterations: 1101   - epoch: 1   - train_loss: 6.238302564620971 - val_loss: 6.238309807096209
2021-09-20 18:55:33,649 - INFO - Iterations: 1111   - epoch: 1   - train_loss: 6.238314819335938 - val_loss: 6.238309003284999
2021-09-20 18:57:24,650 - INFO - Iterations: 1121   - epoch: 1   - train_loss: 6.238316249847412 - val_loss: 6.2383083421843395
2021-09-20 18:59:14,327 - INFO - Iterations: 1131   - epoch: 1   - train_loss: 6.238306188583374 - val_loss: 6.2383076306751795
2021-09-20 19:01:04,908 - INFO - Iterations: 1141   - epoch: 1   - train_loss: 6.2383088111877445 - val_loss: 6.238306873525892
2021-09-20 19:02:55,683 - INFO - Iterations: 1151   - epoch: 1   - train_loss: 6.238303470611572 - val_loss: 6.238305919170379
2021-09-20 19:04:47,286 - INFO - Iterations: 1161   - epoch: 1   - train_loss: 6.23830394744873 - val_loss: 6.238303475379944
2021-09-20 19:06:39,309 - INFO - Iterations: 1171   - epoch: 1   - train_loss: 6.238300514221192 - val_loss: 6.2383005843843735
2021-09-20 19:08:29,875 - INFO - Iterations: 1181   - epoch: 1   - train_loss: 6.238290596008301 - val_loss: 6.238297964845385
2021-09-20 19:10:20,965 - INFO - Iterations: 1191   - epoch: 1   - train_loss: 6.238306903839112 - val_loss: 6.238295294216701
2021-09-20 19:12:12,588 - INFO - Iterations: 1201   - epoch: 1   - train_loss: 6.238275480270386 - val_loss: 6.238291249956403
2021-09-20 19:14:04,167 - INFO - Iterations: 1211   - epoch: 1   - train_loss: 6.23828821182251 - val_loss: 6.238286422661373
2021-09-20 19:15:55,784 - INFO - Iterations: 1221   - epoch: 1   - train_loss: 6.238288497924804 - val_loss: 6.238281871591296
2021-09-20 19:17:46,931 - INFO - Iterations: 1231   - epoch: 1   - train_loss: 6.238295078277588 - val_loss: 6.238277902262552
2021-09-20 19:19:37,603 - INFO - Iterations: 1241   - epoch: 1   - train_loss: 6.238284969329834 - val_loss: 6.238272478921073
2021-09-20 19:21:28,471 - INFO - Iterations: 1251   - epoch: 1   - train_loss: 6.238278388977051 - val_loss: 6.23826736177717
2021-09-20 19:23:20,191 - INFO - Iterations: 1261   - epoch: 1   - train_loss: 6.238280534744263 - val_loss: 6.238262075696673
2021-09-20 19:25:10,855 - INFO - Iterations: 1271   - epoch: 1   - train_loss: 6.238270902633667 - val_loss: 6.238252967425755
2021-09-20 19:27:01,837 - INFO - Iterations: 1281   - epoch: 1   - train_loss: 6.238233041763306 - val_loss: 6.238243496758598
2021-09-20 19:28:52,355 - INFO - Iterations: 1291   - epoch: 1   - train_loss: 6.238238000869751 - val_loss: 6.238228822095054
2021-09-20 19:30:42,389 - INFO - Iterations: 1301   - epoch: 1   - train_loss: 6.238255834579467 - val_loss: 6.238214213507516
2021-09-20 19:32:32,820 - INFO - Iterations: 1311   - epoch: 1   - train_loss: 6.238230800628662 - val_loss: 6.238199453013284
2021-09-20 19:34:23,708 - INFO - Iterations: 1321   - epoch: 1   - train_loss: 6.238205814361573 - val_loss: 6.238179280076708
2021-09-20 19:36:14,721 - INFO - Iterations: 1331   - epoch: 1   - train_loss: 6.238199090957641 - val_loss: 6.23815432548523
2021-09-20 19:38:06,263 - INFO - Iterations: 1341   - epoch: 1   - train_loss: 6.238077640533447 - val_loss: 6.238114180224282
2021-09-20 19:39:56,870 - INFO - Iterations: 1351   - epoch: 1   - train_loss: 6.2380880355834964 - val_loss: 6.238009246417454
2021-09-20 19:41:48,363 - INFO - Iterations: 1361   - epoch: 1   - train_loss: 6.237976503372193 - val_loss: 6.2378238252231055
2021-09-20 19:43:41,439 - INFO - Iterations: 1371   - epoch: 1   - train_loss: 6.237883710861206 - val_loss: 6.237233532837459
2021-09-20 19:45:34,067 - INFO - Iterations: 1381   - epoch: 1   - train_loss: 6.235919523239136 - val_loss: 6.228568840708052
2021-09-20 19:47:26,239 - INFO - Iterations: 1391   - epoch: 1   - train_loss: 5.533796072006226 - val_loss: 4.859706207258361
2021-09-20 19:49:18,914 - INFO - Iterations: 1401   - epoch: 1   - train_loss: 5.098623871803284 - val_loss: 6.120279398645674
2021-09-20 19:51:11,308 - INFO - Iterations: 1411   - epoch: 1   - train_loss: 6.241231918334961 - val_loss: 6.238324015821729
2021-09-20 19:53:05,281 - INFO - Iterations: 1421   - epoch: 1   - train_loss: 6.238326597213745 - val_loss: 6.23833846943719
2021-09-20 19:54:57,749 - INFO - Iterations: 1431   - epoch: 1   - train_loss: 6.238330554962158 - val_loss: 6.238341095106942
2021-09-20 19:56:51,005 - INFO - Iterations: 1441   - epoch: 1   - train_loss: 6.23834719657898 - val_loss: 6.2383390767233715
2021-09-20 19:58:44,016 - INFO - Iterations: 1451   - epoch: 1   - train_loss: 6.2383317947387695 - val_loss: 6.238337359087808
2021-09-20 20:00:36,458 - INFO - Iterations: 1461   - epoch: 1   - train_loss: 6.238331413269043 - val_loss: 6.238335895878928
2021-09-20 20:02:28,796 - INFO - Iterations: 1471   - epoch: 1   - train_loss: 6.23833703994751 - val_loss: 6.238334744317191
2021-09-20 20:04:21,749 - INFO - Iterations: 1481   - epoch: 1   - train_loss: 6.238336372375488 - val_loss: 6.238333442892347
2021-09-20 20:06:15,110 - INFO - Iterations: 1491   - epoch: 1   - train_loss: 6.238332271575928 - val_loss: 6.2383323553630285
2021-09-20 20:08:08,225 - INFO - Iterations: 1501   - epoch: 1   - train_loss: 6.23833327293396 - val_loss: 6.238331636701312
2021-09-20 20:08:08,226 - INFO - Saving model to ./runs/train/layoutlmv2-base-uncased_2e_infoVQA/01501.pth
2021-09-20 20:10:11,486 - INFO - Iterations: 1511   - epoch: 1   - train_loss: 6.238330221176147 - val_loss: 6.238330886023385
2021-09-20 20:12:05,507 - INFO - Iterations: 1521   - epoch: 1   - train_loss: 6.238324737548828 - val_loss: 6.238330580847604
2021-09-20 20:13:58,283 - INFO - Iterations: 1531   - epoch: 1   - train_loss: 6.238330602645874 - val_loss: 6.238330185413361
2021-09-20 20:15:52,158 - INFO - Iterations: 1541   - epoch: 1   - train_loss: 6.238328838348389 - val_loss: 6.238329819270542
2021-09-20 20:17:45,089 - INFO - Iterations: 1551   - epoch: 1   - train_loss: 6.238327884674073 - val_loss: 6.2383294725418095
2021-09-20 20:19:38,285 - INFO - Iterations: 1561   - epoch: 1   - train_loss: 6.2383339405059814 - val_loss: 6.238329035214015
2021-09-20 20:21:31,442 - INFO - Iterations: 1571   - epoch: 1   - train_loss: 6.238330888748169 - val_loss: 6.238328584943499
2021-09-20 20:23:23,957 - INFO - Iterations: 1581   - epoch: 1   - train_loss: 6.2383264064788815 - val_loss: 6.238328315871103
2021-09-20 20:25:17,622 - INFO - Iterations: 1591   - epoch: 1   - train_loss: 6.238326501846314 - val_loss: 6.238328068256378
2021-09-20 20:27:11,351 - INFO - Iterations: 1601   - epoch: 1   - train_loss: 6.238330936431884 - val_loss: 6.238327850954874
2021-09-20 20:29:03,548 - INFO - Iterations: 1611   - epoch: 1   - train_loss: 6.238324975967407 - val_loss: 6.238327572345733
2021-09-20 20:30:55,521 - INFO - Iterations: 1621   - epoch: 1   - train_loss: 6.238323211669922 - val_loss: 6.238327531473977
2021-09-20 20:32:46,734 - INFO - Iterations: 1631   - epoch: 1   - train_loss: 6.238328218460083 - val_loss: 6.238327479362487
2021-09-20 20:34:37,380 - INFO - Iterations: 1641   - epoch: 1   - train_loss: 6.238327360153198 - val_loss: 6.238327304976327
2021-09-20 20:36:28,549 - INFO - Iterations: 1651   - epoch: 1   - train_loss: 6.23832483291626 - val_loss: 6.238327230385371
2021-09-20 20:38:20,761 - INFO - Iterations: 1661   - epoch: 1   - train_loss: 6.238329696655273 - val_loss: 6.2383271220752174
2021-09-20 20:40:10,700 - INFO - Iterations: 1671   - epoch: 1   - train_loss: 6.238327503204346 - val_loss: 6.238326917035239
2021-09-20 20:42:01,105 - INFO - Iterations: 1681   - epoch: 1   - train_loss: 6.238328552246093 - val_loss: 6.238326739583696
2021-09-20 20:43:51,302 - INFO - Iterations: 1691   - epoch: 1   - train_loss: 6.238324785232544 - val_loss: 6.238326634338923
2021-09-20 20:45:41,814 - INFO - Iterations: 1701   - epoch: 1   - train_loss: 6.238328695297241 - val_loss: 6.238326483794621
2021-09-20 20:47:32,775 - INFO - Iterations: 1711   - epoch: 1   - train_loss: 6.238328266143799 - val_loss: 6.238326302937099
2021-09-20 20:49:24,769 - INFO - Iterations: 1721   - epoch: 1   - train_loss: 6.238327074050903 - val_loss: 6.238326141153063
2021-09-20 20:51:14,922 - INFO - Iterations: 1731   - epoch: 1   - train_loss: 6.238324689865112 - val_loss: 6.238326001848494
2021-09-20 20:53:05,510 - INFO - Iterations: 1741   - epoch: 1   - train_loss: 6.238324165344238 - val_loss: 6.2383259388378685
2021-09-20 20:54:55,677 - INFO - Iterations: 1751   - epoch: 1   - train_loss: 6.238325834274292 - val_loss: 6.238325907843453
2021-09-20 20:56:47,289 - INFO - Iterations: 1761   - epoch: 1   - train_loss: 6.238325405120849 - val_loss: 6.238325886045184
2021-09-20 20:58:37,259 - INFO - Iterations: 1771   - epoch: 1   - train_loss: 6.238325405120849 - val_loss: 6.238325826781137
2021-09-20 21:00:28,112 - INFO - Iterations: 1781   - epoch: 1   - train_loss: 6.238325929641723 - val_loss: 6.238325730732509
2021-09-20 21:02:18,233 - INFO - Iterations: 1791   - epoch: 1   - train_loss: 6.238326930999756 - val_loss: 6.238325542041234
2021-09-20 21:04:08,157 - INFO - Iterations: 1801   - epoch: 1   - train_loss: 6.238325214385986 - val_loss: 6.238325428962708
2021-09-20 21:05:58,741 - INFO - Iterations: 1811   - epoch: 1   - train_loss: 6.238326358795166 - val_loss: 6.238325332573482
2021-09-20 21:07:49,379 - INFO - Iterations: 1821   - epoch: 1   - train_loss: 6.238326168060302 - val_loss: 6.2383252351624625
2021-09-20 21:09:41,016 - INFO - Iterations: 1831   - epoch: 1   - train_loss: 6.238328218460083 - val_loss: 6.238325166361673
2021-09-20 21:11:32,203 - INFO - Iterations: 1841   - epoch: 1   - train_loss: 6.238325738906861 - val_loss: 6.238325098582677
2021-09-20 21:13:24,136 - INFO - Iterations: 1851   - epoch: 1   - train_loss: 6.23832516670227 - val_loss: 6.23832500900541
2021-09-20 21:15:15,630 - INFO - Iterations: 1861   - epoch: 1   - train_loss: 6.238324689865112 - val_loss: 6.238324969155448
2021-09-20 21:17:07,000 - INFO - Iterations: 1871   - epoch: 1   - train_loss: 6.238325071334839 - val_loss: 6.238324866976057
2021-09-20 21:18:59,629 - INFO - Iterations: 1881   - epoch: 1   - train_loss: 6.238325595855713 - val_loss: 6.238324803284236
2021-09-20 21:20:50,878 - INFO - Iterations: 1891   - epoch: 1   - train_loss: 6.238323497772217 - val_loss: 6.238324746404375
2021-09-20 21:22:43,094 - INFO - Iterations: 1901   - epoch: 1   - train_loss: 6.238324880599976 - val_loss: 6.238324743679591
2021-09-20 21:24:33,947 - INFO - Iterations: 1911   - epoch: 1   - train_loss: 6.238324546813965 - val_loss: 6.238324680668967
2021-09-20 21:26:25,238 - INFO - Iterations: 1921   - epoch: 1   - train_loss: 6.238323736190796 - val_loss: 6.238324618339538
2021-09-20 21:28:15,730 - INFO - Iterations: 1931   - epoch: 1   - train_loss: 6.238325595855713 - val_loss: 6.238324595860073
2021-09-20 21:30:07,441 - INFO - Iterations: 1941   - epoch: 1   - train_loss: 6.238325214385986 - val_loss: 6.238324533530644
2021-09-20 21:31:58,555 - INFO - Iterations: 1951   - epoch: 1   - train_loss: 6.23832426071167 - val_loss: 6.238324507985796
2021-09-20 21:33:49,678 - INFO - Iterations: 1961   - epoch: 1   - train_loss: 6.238324737548828 - val_loss: 6.238324405125209
2021-09-20 21:35:41,621 - INFO - Iterations: 1971   - epoch: 1   - train_loss: 6.238324737548828 - val_loss: 6.23832435471671
2021-09-20 21:37:32,339 - INFO - Iterations: 1981   - epoch: 1   - train_loss: 6.238323640823364 - val_loss: 6.238324364253453
2021-09-20 21:39:23,551 - INFO - Iterations: 1991   - epoch: 1   - train_loss: 6.238324213027954 - val_loss: 6.238324297836849
2021-09-20 21:41:14,442 - INFO - Iterations: 2001   - epoch: 1   - train_loss: 6.238325691223144 - val_loss: 6.238324295452663
2021-09-20 21:41:14,443 - INFO - Saving model to ./runs/train/layoutlmv2-base-uncased_2e_infoVQA/02001.pth
2021-09-20 21:43:15,697 - INFO - Iterations: 2011   - epoch: 1   - train_loss: 6.23832516670227 - val_loss: 6.2383242743355884
2021-09-20 21:45:06,653 - INFO - Iterations: 2021   - epoch: 1   - train_loss: 6.238324546813965 - val_loss: 6.238324271951403
2021-09-20 21:46:57,060 - INFO - Iterations: 2031   - epoch: 1   - train_loss: 6.2383238792419435 - val_loss: 6.238324193954468
2021-09-20 21:48:47,799 - INFO - Iterations: 2041   - epoch: 1   - train_loss: 6.238324689865112 - val_loss: 6.2383241731779915
2021-09-20 21:50:39,609 - INFO - Iterations: 2051   - epoch: 1   - train_loss: 6.23832368850708 - val_loss: 6.238324149336134
2021-09-20 21:52:30,064 - INFO - Iterations: 2061   - epoch: 1   - train_loss: 6.238323211669922 - val_loss: 6.238324193273272
2021-09-20 21:54:20,993 - INFO - Iterations: 2071   - epoch: 1   - train_loss: 6.238325309753418 - val_loss: 6.238324163300651
2021-09-20 21:56:12,626 - INFO - Iterations: 2081   - epoch: 1   - train_loss: 6.238324785232544 - val_loss: 6.238324127537863
2021-09-20 21:58:03,919 - INFO - Iterations: 2091   - epoch: 1   - train_loss: 6.2383240222930905 - val_loss: 6.238324135031019
2021-09-20 21:59:55,653 - INFO - Iterations: 2101   - epoch: 1   - train_loss: 6.238325023651123 - val_loss: 6.238324129240853
2021-09-20 22:01:47,552 - INFO - Iterations: 2111   - epoch: 1   - train_loss: 6.238324689865112 - val_loss: 6.238324107442583
2021-09-20 22:03:38,957 - INFO - Iterations: 2121   - epoch: 1   - train_loss: 6.238323736190796 - val_loss: 6.23832410812378
2021-09-20 22:05:30,100 - INFO - Iterations: 2131   - epoch: 1   - train_loss: 6.238323640823364 - val_loss: 6.238324101652418
2021-09-20 22:07:21,131 - INFO - Iterations: 2141   - epoch: 1   - train_loss: 6.238323020935058 - val_loss: 6.238324062824249
2021-09-20 22:09:12,330 - INFO - Iterations: 2151   - epoch: 1   - train_loss: 6.238323545455932 - val_loss: 6.238324036257608
2021-09-20 22:11:03,126 - INFO - Iterations: 2161   - epoch: 1   - train_loss: 6.238322925567627 - val_loss: 6.238324025358472
2021-09-20 22:12:54,949 - INFO - Iterations: 2171   - epoch: 1   - train_loss: 6.2383262634277346 - val_loss: 6.238323979718345
2021-09-20 22:14:47,802 - INFO - Iterations: 2181   - epoch: 1   - train_loss: 6.23832335472107 - val_loss: 6.238323951448713
2021-09-20 22:16:41,010 - INFO - Iterations: 2191   - epoch: 1   - train_loss: 6.238324117660523 - val_loss: 6.238323910576956
2021-09-20 22:18:33,934 - INFO - Iterations: 2201   - epoch: 1   - train_loss: 6.238324308395386 - val_loss: 6.238323858465467
2021-09-20 22:20:26,737 - INFO - Iterations: 2211   - epoch: 1   - train_loss: 6.238323450088501 - val_loss: 6.238323867661612
2021-09-20 22:22:20,474 - INFO - Iterations: 2221   - epoch: 1   - train_loss: 6.2383225440979 - val_loss: 6.2383238131659375
2021-09-20 22:24:12,965 - INFO - Iterations: 2231   - epoch: 1   - train_loss: 6.238325452804565 - val_loss: 6.238323768888201
2021-09-20 22:26:06,017 - INFO - Iterations: 2241   - epoch: 1   - train_loss: 6.238323593139649 - val_loss: 6.238323772294181
2021-09-20 22:27:58,756 - INFO - Iterations: 2251   - epoch: 1   - train_loss: 6.238323926925659 - val_loss: 6.238323767866407
2021-09-20 22:29:51,979 - INFO - Iterations: 2261   - epoch: 1   - train_loss: 6.238323926925659 - val_loss: 6.238323779787336
2021-09-20 22:31:45,318 - INFO - Iterations: 2271   - epoch: 1   - train_loss: 6.238324308395386 - val_loss: 6.238323732103621
2021-09-20 22:33:38,515 - INFO - Iterations: 2281   - epoch: 1   - train_loss: 6.23832516670227 - val_loss: 6.238323716776711
2021-09-20 22:35:31,535 - INFO - Iterations: 2291   - epoch: 1   - train_loss: 6.238323068618774 - val_loss: 6.238323746408735
2021-09-20 22:37:24,780 - INFO - Iterations: 2301   - epoch: 1   - train_loss: 6.238324165344238 - val_loss: 6.238323745386941
2021-09-20 22:39:17,239 - INFO - Iterations: 2311   - epoch: 1   - train_loss: 6.2383228778839115 - val_loss: 6.238323704855783
2021-09-20 22:41:10,673 - INFO - Iterations: 2321   - epoch: 1   - train_loss: 6.238323831558228 - val_loss: 6.2383236731801714
2021-09-20 22:43:04,544 - INFO - Iterations: 2331   - epoch: 1   - train_loss: 6.238324499130249 - val_loss: 6.238323622431074
2021-09-20 22:44:57,697 - INFO - Iterations: 2341   - epoch: 1   - train_loss: 6.238323163986206 - val_loss: 6.238323616300311
2021-09-20 22:46:51,346 - INFO - Iterations: 2351   - epoch: 1   - train_loss: 6.238323307037353 - val_loss: 6.238323613234929
2021-09-20 22:48:44,923 - INFO - Iterations: 2361   - epoch: 1   - train_loss: 6.238323831558228 - val_loss: 6.238323593139649
2021-09-20 22:50:37,599 - INFO - Iterations: 2371   - epoch: 1   - train_loss: 6.23832335472107 - val_loss: 6.23832357951573
2021-09-20 22:52:29,889 - INFO - Iterations: 2381   - epoch: 1   - train_loss: 6.238323926925659 - val_loss: 6.238323568275996
2021-09-20 22:54:22,659 - INFO - Iterations: 2391   - epoch: 1   - train_loss: 6.238323450088501 - val_loss: 6.238323542731149
2021-09-20 22:56:17,333 - INFO - Iterations: 2401   - epoch: 1   - train_loss: 6.238324308395386 - val_loss: 6.238323544093541
2021-09-20 22:58:10,441 - INFO - Iterations: 2411   - epoch: 1   - train_loss: 6.238324594497681 - val_loss: 6.23832353081022
2021-09-20 23:00:04,050 - INFO - Iterations: 2421   - epoch: 1   - train_loss: 6.238322162628174 - val_loss: 6.2383234838077
2021-09-20 23:01:57,394 - INFO - Iterations: 2431   - epoch: 1   - train_loss: 6.238324499130249 - val_loss: 6.2383234763145445
2021-09-20 23:03:49,961 - INFO - Iterations: 2441   - epoch: 1   - train_loss: 6.238323068618774 - val_loss: 6.238323424543653
2021-09-20 23:05:43,369 - INFO - Iterations: 2451   - epoch: 1   - train_loss: 6.238322830200195 - val_loss: 6.238323426927839
2021-09-20 23:07:35,988 - INFO - Iterations: 2461   - epoch: 1   - train_loss: 6.238323497772217 - val_loss: 6.238323406832559
2021-09-20 23:09:28,932 - INFO - Iterations: 2471   - epoch: 1   - train_loss: 6.238322591781616 - val_loss: 6.238323412282126
2021-09-20 23:11:22,354 - INFO - Iterations: 2481   - epoch: 1   - train_loss: 6.23832368850708 - val_loss: 6.23832339661462
2021-09-20 23:13:15,132 - INFO - Iterations: 2491   - epoch: 1   - train_loss: 6.23832516670227 - val_loss: 6.2383233591488425
2021-09-20 23:15:08,275 - INFO - Iterations: 2501   - epoch: 1   - train_loss: 6.2383232593536375 - val_loss: 6.238323341097151
2021-09-20 23:15:08,276 - INFO - Saving model to ./runs/train/layoutlmv2-base-uncased_2e_infoVQA/02501.pth
2021-09-20 23:17:09,979 - INFO - Iterations: 2511   - epoch: 1   - train_loss: 6.238323402404785 - val_loss: 6.2383232992036
2021-09-20 23:19:03,637 - INFO - Iterations: 2521   - epoch: 1   - train_loss: 6.2383240222930905 - val_loss: 6.238323317936489
2021-09-20 23:20:56,854 - INFO - Iterations: 2531   - epoch: 1   - train_loss: 6.238324594497681 - val_loss: 6.238323322364262
2021-09-20 23:22:49,845 - INFO - Iterations: 2541   - epoch: 1   - train_loss: 6.238324069976807 - val_loss: 6.238323288645063
2021-09-20 23:24:43,234 - INFO - Iterations: 2551   - epoch: 1   - train_loss: 6.23832221031189 - val_loss: 6.2383232579912455
2021-09-20 23:26:37,093 - INFO - Iterations: 2561   - epoch: 1   - train_loss: 6.23832335472107 - val_loss: 6.238323241642544
2021-09-20 23:28:29,825 - INFO - Iterations: 2571   - epoch: 1   - train_loss: 6.238322734832764 - val_loss: 6.238323213372912
2021-09-20 23:30:22,622 - INFO - Iterations: 2581   - epoch: 1   - train_loss: 6.238324594497681 - val_loss: 6.238323185784476
2021-09-20 23:32:16,508 - INFO - Iterations: 2591   - epoch: 1   - train_loss: 6.238322448730469 - val_loss: 6.238323131969997
2021-09-20 23:34:09,579 - INFO - Iterations: 2601   - epoch: 1   - train_loss: 6.238324308395386 - val_loss: 6.238323130948203
2021-09-20 23:36:02,455 - INFO - Iterations: 2611   - epoch: 1   - train_loss: 6.238322782516479 - val_loss: 6.2383231043815615
2021-09-20 23:37:55,934 - INFO - Iterations: 2621   - epoch: 1   - train_loss: 6.238324594497681 - val_loss: 6.238323049885886
2021-09-20 23:39:49,968 - INFO - Iterations: 2631   - epoch: 1   - train_loss: 6.2383218765258786 - val_loss: 6.238323078496116
2021-09-20 23:41:44,547 - INFO - Iterations: 2641   - epoch: 1   - train_loss: 6.23832483291626 - val_loss: 6.238322957924434
2021-09-20 23:43:38,833 - INFO - Iterations: 2651   - epoch: 1   - train_loss: 6.238322353363037 - val_loss: 6.238322975635529
2021-09-20 23:45:32,412 - INFO - Iterations: 2661   - epoch: 1   - train_loss: 6.238322019577026 - val_loss: 6.238322904109955
2021-09-20 23:47:25,406 - INFO - Iterations: 2671   - epoch: 1   - train_loss: 6.238323783874511 - val_loss: 6.23832289491381
2021-09-20 23:49:18,935 - INFO - Iterations: 2681   - epoch: 1   - train_loss: 6.238322639465332 - val_loss: 6.23832290819713
